running develop
running egg_info
creating naiad_guidance_system.egg-info
writing naiad_guidance_system.egg-info/PKG-INFO
writing dependency_links to naiad_guidance_system.egg-info/dependency_links.txt
writing entry points to naiad_guidance_system.egg-info/entry_points.txt
writing requirements to naiad_guidance_system.egg-info/requires.txt
writing top-level names to naiad_guidance_system.egg-info/top_level.txt
writing manifest file 'naiad_guidance_system.egg-info/SOURCES.txt'
reading manifest file 'naiad_guidance_system.egg-info/SOURCES.txt'
writing manifest file 'naiad_guidance_system.egg-info/SOURCES.txt'
running build_ext
Creating /home/johannes/TRIDENT-2021/trident_software/install/naiad_guidance_system/lib/python3.8/site-packages/site.py
Creating /home/johannes/TRIDENT-2021/trident_software/install/naiad_guidance_system/lib/python3.8/site-packages/naiad-guidance-system.egg-link (link to .)
Installing guidance_system script to /home/johannes/TRIDENT-2021/trident_software/install/naiad_guidance_system/lib/naiad_guidance_system

Installed /home/johannes/TRIDENT-2021/trident_software/build/naiad_guidance_system
running install_data
creating /home/johannes/TRIDENT-2021/trident_software/install/naiad_guidance_system/share/ament_index
creating /home/johannes/TRIDENT-2021/trident_software/install/naiad_guidance_system/share/ament_index/resource_index
creating /home/johannes/TRIDENT-2021/trident_software/install/naiad_guidance_system/share/ament_index/resource_index/packages
copying resource/naiad_guidance_system -> /home/johannes/TRIDENT-2021/trident_software/install/naiad_guidance_system/share/ament_index/resource_index/packages
copying package.xml -> /home/johannes/TRIDENT-2021/trident_software/install/naiad_guidance_system/share/naiad_guidance_system
