[2.331s] Invoking command in '/home/johannes/TRIDENT-2021/trident_software/build/naiad_guidance_system': PYTHONPATH=/home/johannes/TRIDENT-2021/trident_software/install/naiad_guidance_system/lib/python3.8/site-packages:${PYTHONPATH} /usr/bin/python3 setup.py develop --prefix /home/johannes/TRIDENT-2021/trident_software/install/naiad_guidance_system --editable --build-directory /home/johannes/TRIDENT-2021/trident_software/build/naiad_guidance_system/build --no-deps install_data --install-dir /home/johannes/TRIDENT-2021/trident_software/install/naiad_guidance_system
[2.857s] running develop
[3.159s] running egg_info
[3.160s] creating naiad_guidance_system.egg-info
[3.160s] writing naiad_guidance_system.egg-info/PKG-INFO
[3.160s] writing dependency_links to naiad_guidance_system.egg-info/dependency_links.txt
[3.165s] writing entry points to naiad_guidance_system.egg-info/entry_points.txt
[3.165s] writing requirements to naiad_guidance_system.egg-info/requires.txt
[3.165s] writing top-level names to naiad_guidance_system.egg-info/top_level.txt
[3.169s] writing manifest file 'naiad_guidance_system.egg-info/SOURCES.txt'
[3.244s] reading manifest file 'naiad_guidance_system.egg-info/SOURCES.txt'
[3.245s] writing manifest file 'naiad_guidance_system.egg-info/SOURCES.txt'
[3.323s] running build_ext
[3.323s] Creating /home/johannes/TRIDENT-2021/trident_software/install/naiad_guidance_system/lib/python3.8/site-packages/site.py
[3.324s] Creating /home/johannes/TRIDENT-2021/trident_software/install/naiad_guidance_system/lib/python3.8/site-packages/naiad-guidance-system.egg-link (link to .)
[3.324s] Installing guidance_system script to /home/johannes/TRIDENT-2021/trident_software/install/naiad_guidance_system/lib/naiad_guidance_system
[3.324s] 
[3.324s] Installed /home/johannes/TRIDENT-2021/trident_software/build/naiad_guidance_system
[3.325s] running install_data
[3.325s] creating /home/johannes/TRIDENT-2021/trident_software/install/naiad_guidance_system/share/ament_index
[3.325s] creating /home/johannes/TRIDENT-2021/trident_software/install/naiad_guidance_system/share/ament_index/resource_index
[3.325s] creating /home/johannes/TRIDENT-2021/trident_software/install/naiad_guidance_system/share/ament_index/resource_index/packages
[3.325s] copying resource/naiad_guidance_system -> /home/johannes/TRIDENT-2021/trident_software/install/naiad_guidance_system/share/ament_index/resource_index/packages
[3.326s] copying package.xml -> /home/johannes/TRIDENT-2021/trident_software/install/naiad_guidance_system/share/naiad_guidance_system
[3.407s] Invoked command in '/home/johannes/TRIDENT-2021/trident_software/build/naiad_guidance_system' returned '0': PYTHONPATH=/home/johannes/TRIDENT-2021/trident_software/install/naiad_guidance_system/lib/python3.8/site-packages:${PYTHONPATH} /usr/bin/python3 setup.py develop --prefix /home/johannes/TRIDENT-2021/trident_software/install/naiad_guidance_system --editable --build-directory /home/johannes/TRIDENT-2021/trident_software/build/naiad_guidance_system/build --no-deps install_data --install-dir /home/johannes/TRIDENT-2021/trident_software/install/naiad_guidance_system
