running develop
running egg_info
creating naiad_position.egg-info
writing naiad_position.egg-info/PKG-INFO
writing dependency_links to naiad_position.egg-info/dependency_links.txt
writing entry points to naiad_position.egg-info/entry_points.txt
writing requirements to naiad_position.egg-info/requires.txt
writing top-level names to naiad_position.egg-info/top_level.txt
writing manifest file 'naiad_position.egg-info/SOURCES.txt'
reading manifest file 'naiad_position.egg-info/SOURCES.txt'
writing manifest file 'naiad_position.egg-info/SOURCES.txt'
running build_ext
Creating /home/johannes/TRIDENT-2021/trident_software/install/naiad_position/lib/python3.8/site-packages/site.py
Creating /home/johannes/TRIDENT-2021/trident_software/install/naiad_position/lib/python3.8/site-packages/naiad-position.egg-link (link to .)

Installed /home/johannes/TRIDENT-2021/trident_software/build/naiad_position
running install_data
creating /home/johannes/TRIDENT-2021/trident_software/install/naiad_position/share/ament_index
creating /home/johannes/TRIDENT-2021/trident_software/install/naiad_position/share/ament_index/resource_index
creating /home/johannes/TRIDENT-2021/trident_software/install/naiad_position/share/ament_index/resource_index/packages
copying resource/naiad_position -> /home/johannes/TRIDENT-2021/trident_software/install/naiad_position/share/ament_index/resource_index/packages
copying package.xml -> /home/johannes/TRIDENT-2021/trident_software/install/naiad_position/share/naiad_position
