[2.327s] Invoking command in '/home/johannes/TRIDENT-2021/trident_software/build/naiad_position': PYTHONPATH=/home/johannes/TRIDENT-2021/trident_software/install/naiad_position/lib/python3.8/site-packages:${PYTHONPATH} /usr/bin/python3 setup.py develop --prefix /home/johannes/TRIDENT-2021/trident_software/install/naiad_position --editable --build-directory /home/johannes/TRIDENT-2021/trident_software/build/naiad_position/build --no-deps install_data --install-dir /home/johannes/TRIDENT-2021/trident_software/install/naiad_position
[2.830s] running develop
[3.109s] running egg_info
[3.109s] creating naiad_position.egg-info
[3.109s] writing naiad_position.egg-info/PKG-INFO
[3.110s] writing dependency_links to naiad_position.egg-info/dependency_links.txt
[3.110s] writing entry points to naiad_position.egg-info/entry_points.txt
[3.110s] writing requirements to naiad_position.egg-info/requires.txt
[3.111s] writing top-level names to naiad_position.egg-info/top_level.txt
[3.113s] writing manifest file 'naiad_position.egg-info/SOURCES.txt'
[3.166s] reading manifest file 'naiad_position.egg-info/SOURCES.txt'
[3.168s] writing manifest file 'naiad_position.egg-info/SOURCES.txt'
[3.243s] running build_ext
[3.243s] Creating /home/johannes/TRIDENT-2021/trident_software/install/naiad_position/lib/python3.8/site-packages/site.py
[3.248s] Creating /home/johannes/TRIDENT-2021/trident_software/install/naiad_position/lib/python3.8/site-packages/naiad-position.egg-link (link to .)
[3.249s] 
[3.249s] Installed /home/johannes/TRIDENT-2021/trident_software/build/naiad_position
[3.249s] running install_data
[3.250s] creating /home/johannes/TRIDENT-2021/trident_software/install/naiad_position/share/ament_index
[3.250s] creating /home/johannes/TRIDENT-2021/trident_software/install/naiad_position/share/ament_index/resource_index
[3.250s] creating /home/johannes/TRIDENT-2021/trident_software/install/naiad_position/share/ament_index/resource_index/packages
[3.250s] copying resource/naiad_position -> /home/johannes/TRIDENT-2021/trident_software/install/naiad_position/share/ament_index/resource_index/packages
[3.251s] copying package.xml -> /home/johannes/TRIDENT-2021/trident_software/install/naiad_position/share/naiad_position
[3.346s] Invoked command in '/home/johannes/TRIDENT-2021/trident_software/build/naiad_position' returned '0': PYTHONPATH=/home/johannes/TRIDENT-2021/trident_software/install/naiad_position/lib/python3.8/site-packages:${PYTHONPATH} /usr/bin/python3 setup.py develop --prefix /home/johannes/TRIDENT-2021/trident_software/install/naiad_position --editable --build-directory /home/johannes/TRIDENT-2021/trident_software/build/naiad_position/build --no-deps install_data --install-dir /home/johannes/TRIDENT-2021/trident_software/install/naiad_position
