running develop
running egg_info
creating athena.egg-info
writing athena.egg-info/PKG-INFO
writing dependency_links to athena.egg-info/dependency_links.txt
writing entry points to athena.egg-info/entry_points.txt
writing requirements to athena.egg-info/requires.txt
writing top-level names to athena.egg-info/top_level.txt
writing manifest file 'athena.egg-info/SOURCES.txt'
reading manifest file 'athena.egg-info/SOURCES.txt'
writing manifest file 'athena.egg-info/SOURCES.txt'
running build_ext
Creating /home/johannes/TRIDENT-2021/trident_software/install/athena/lib/python3.8/site-packages/site.py
Creating /home/johannes/TRIDENT-2021/trident_software/install/athena/lib/python3.8/site-packages/athena.egg-link (link to .)

Installed /home/johannes/TRIDENT-2021/trident_software/build/athena
running install_data
creating /home/johannes/TRIDENT-2021/trident_software/install/athena/share/ament_index
creating /home/johannes/TRIDENT-2021/trident_software/install/athena/share/ament_index/resource_index
creating /home/johannes/TRIDENT-2021/trident_software/install/athena/share/ament_index/resource_index/packages
copying resource/athena -> /home/johannes/TRIDENT-2021/trident_software/install/athena/share/ament_index/resource_index/packages
copying package.xml -> /home/johannes/TRIDENT-2021/trident_software/install/athena/share/athena
