[2.352s] Invoking command in '/home/johannes/TRIDENT-2021/trident_software/build/athena': PYTHONPATH=/home/johannes/TRIDENT-2021/trident_software/install/athena/lib/python3.8/site-packages:${PYTHONPATH} /usr/bin/python3 setup.py develop --prefix /home/johannes/TRIDENT-2021/trident_software/install/athena --editable --build-directory /home/johannes/TRIDENT-2021/trident_software/build/athena/build --no-deps install_data --install-dir /home/johannes/TRIDENT-2021/trident_software/install/athena
[2.822s] running develop
[3.130s] running egg_info
[3.130s] creating athena.egg-info
[3.130s] writing athena.egg-info/PKG-INFO
[3.131s] writing dependency_links to athena.egg-info/dependency_links.txt
[3.131s] writing entry points to athena.egg-info/entry_points.txt
[3.131s] writing requirements to athena.egg-info/requires.txt
[3.131s] writing top-level names to athena.egg-info/top_level.txt
[3.133s] writing manifest file 'athena.egg-info/SOURCES.txt'
[3.206s] reading manifest file 'athena.egg-info/SOURCES.txt'
[3.207s] writing manifest file 'athena.egg-info/SOURCES.txt'
[3.282s] running build_ext
[3.282s] Creating /home/johannes/TRIDENT-2021/trident_software/install/athena/lib/python3.8/site-packages/site.py
[3.285s] Creating /home/johannes/TRIDENT-2021/trident_software/install/athena/lib/python3.8/site-packages/athena.egg-link (link to .)
[3.287s] 
[3.287s] Installed /home/johannes/TRIDENT-2021/trident_software/build/athena
[3.287s] running install_data
[3.287s] creating /home/johannes/TRIDENT-2021/trident_software/install/athena/share/ament_index
[3.288s] creating /home/johannes/TRIDENT-2021/trident_software/install/athena/share/ament_index/resource_index
[3.288s] creating /home/johannes/TRIDENT-2021/trident_software/install/athena/share/ament_index/resource_index/packages
[3.288s] copying resource/athena -> /home/johannes/TRIDENT-2021/trident_software/install/athena/share/ament_index/resource_index/packages
[3.289s] copying package.xml -> /home/johannes/TRIDENT-2021/trident_software/install/athena/share/athena
[3.355s] Invoked command in '/home/johannes/TRIDENT-2021/trident_software/build/athena' returned '0': PYTHONPATH=/home/johannes/TRIDENT-2021/trident_software/install/athena/lib/python3.8/site-packages:${PYTHONPATH} /usr/bin/python3 setup.py develop --prefix /home/johannes/TRIDENT-2021/trident_software/install/athena --editable --build-directory /home/johannes/TRIDENT-2021/trident_software/build/athena/build --no-deps install_data --install-dir /home/johannes/TRIDENT-2021/trident_software/install/athena
