running develop
running egg_info
creating athena_bringup.egg-info
writing athena_bringup.egg-info/PKG-INFO
writing dependency_links to athena_bringup.egg-info/dependency_links.txt
writing entry points to athena_bringup.egg-info/entry_points.txt
writing requirements to athena_bringup.egg-info/requires.txt
writing top-level names to athena_bringup.egg-info/top_level.txt
writing manifest file 'athena_bringup.egg-info/SOURCES.txt'
reading manifest file 'athena_bringup.egg-info/SOURCES.txt'
writing manifest file 'athena_bringup.egg-info/SOURCES.txt'
running build_ext
Creating /home/johannes/TRIDENT-2021/trident_software/install/athena_bringup/lib/python3.8/site-packages/site.py
Creating /home/johannes/TRIDENT-2021/trident_software/install/athena_bringup/lib/python3.8/site-packages/athena-bringup.egg-link (link to .)

Installed /home/johannes/TRIDENT-2021/trident_software/build/athena_bringup
running install_data
creating /home/johannes/TRIDENT-2021/trident_software/install/athena_bringup/share/ament_index
creating /home/johannes/TRIDENT-2021/trident_software/install/athena_bringup/share/ament_index/resource_index
creating /home/johannes/TRIDENT-2021/trident_software/install/athena_bringup/share/ament_index/resource_index/packages
copying resource/athena_bringup -> /home/johannes/TRIDENT-2021/trident_software/install/athena_bringup/share/ament_index/resource_index/packages
copying package.xml -> /home/johannes/TRIDENT-2021/trident_software/install/athena_bringup/share/athena_bringup
copying launch/teleop.launch.py -> /home/johannes/TRIDENT-2021/trident_software/install/athena_bringup/share/athena_bringup
copying launch/system.launch.py -> /home/johannes/TRIDENT-2021/trident_software/install/athena_bringup/share/athena_bringup
creating /home/johannes/TRIDENT-2021/trident_software/install/athena_bringup/share/athena_bringup/config
copying config/system_launch_params.yaml -> /home/johannes/TRIDENT-2021/trident_software/install/athena_bringup/share/athena_bringup/config
