running develop
running egg_info
creating naiad.egg-info
writing naiad.egg-info/PKG-INFO
writing dependency_links to naiad.egg-info/dependency_links.txt
writing entry points to naiad.egg-info/entry_points.txt
writing requirements to naiad.egg-info/requires.txt
writing top-level names to naiad.egg-info/top_level.txt
writing manifest file 'naiad.egg-info/SOURCES.txt'
reading manifest file 'naiad.egg-info/SOURCES.txt'
writing manifest file 'naiad.egg-info/SOURCES.txt'
running build_ext
Creating /home/johannes/TRIDENT-2021/trident_software/install/naiad/lib/python3.8/site-packages/site.py
Creating /home/johannes/TRIDENT-2021/trident_software/install/naiad/lib/python3.8/site-packages/naiad.egg-link (link to .)

Installed /home/johannes/TRIDENT-2021/trident_software/build/naiad
running install_data
creating /home/johannes/TRIDENT-2021/trident_software/install/naiad/share/ament_index
creating /home/johannes/TRIDENT-2021/trident_software/install/naiad/share/ament_index/resource_index
creating /home/johannes/TRIDENT-2021/trident_software/install/naiad/share/ament_index/resource_index/packages
copying resource/naiad -> /home/johannes/TRIDENT-2021/trident_software/install/naiad/share/ament_index/resource_index/packages
copying package.xml -> /home/johannes/TRIDENT-2021/trident_software/install/naiad/share/naiad
