running develop
running egg_info
creating naiad_bringup.egg-info
writing naiad_bringup.egg-info/PKG-INFO
writing dependency_links to naiad_bringup.egg-info/dependency_links.txt
writing entry points to naiad_bringup.egg-info/entry_points.txt
writing requirements to naiad_bringup.egg-info/requires.txt
writing top-level names to naiad_bringup.egg-info/top_level.txt
writing manifest file 'naiad_bringup.egg-info/SOURCES.txt'
reading manifest file 'naiad_bringup.egg-info/SOURCES.txt'
writing manifest file 'naiad_bringup.egg-info/SOURCES.txt'
running build_ext
Creating /home/johannes/TRIDENT-2021/trident_software/install/naiad_bringup/lib/python3.8/site-packages/site.py
Creating /home/johannes/TRIDENT-2021/trident_software/install/naiad_bringup/lib/python3.8/site-packages/naiad-bringup.egg-link (link to .)

Installed /home/johannes/TRIDENT-2021/trident_software/build/naiad_bringup
running install_data
creating /home/johannes/TRIDENT-2021/trident_software/install/naiad_bringup/share/ament_index
creating /home/johannes/TRIDENT-2021/trident_software/install/naiad_bringup/share/ament_index/resource_index
creating /home/johannes/TRIDENT-2021/trident_software/install/naiad_bringup/share/ament_index/resource_index/packages
copying resource/naiad_bringup -> /home/johannes/TRIDENT-2021/trident_software/install/naiad_bringup/share/ament_index/resource_index/packages
copying package.xml -> /home/johannes/TRIDENT-2021/trident_software/install/naiad_bringup/share/naiad_bringup
copying launch/teleop.launch.py -> /home/johannes/TRIDENT-2021/trident_software/install/naiad_bringup/share/naiad_bringup
copying launch/system.launch.py -> /home/johannes/TRIDENT-2021/trident_software/install/naiad_bringup/share/naiad_bringup
creating /home/johannes/TRIDENT-2021/trident_software/install/naiad_bringup/share/naiad_bringup/config
copying config/system_launch_params.yaml -> /home/johannes/TRIDENT-2021/trident_software/install/naiad_bringup/share/naiad_bringup/config
