running develop
running egg_info
creating athena_mission_control.egg-info
writing athena_mission_control.egg-info/PKG-INFO
writing dependency_links to athena_mission_control.egg-info/dependency_links.txt
writing entry points to athena_mission_control.egg-info/entry_points.txt
writing requirements to athena_mission_control.egg-info/requires.txt
writing top-level names to athena_mission_control.egg-info/top_level.txt
writing manifest file 'athena_mission_control.egg-info/SOURCES.txt'
reading manifest file 'athena_mission_control.egg-info/SOURCES.txt'
writing manifest file 'athena_mission_control.egg-info/SOURCES.txt'
running build_ext
Creating /home/johannes/TRIDENT-2021/trident_software/install/athena_mission_control/lib/python3.8/site-packages/site.py
Creating /home/johannes/TRIDENT-2021/trident_software/install/athena_mission_control/lib/python3.8/site-packages/athena-mission-control.egg-link (link to .)
Installing mission_control script to /home/johannes/TRIDENT-2021/trident_software/install/athena_mission_control/lib/athena_mission_control

Installed /home/johannes/TRIDENT-2021/trident_software/build/athena_mission_control
running install_data
creating /home/johannes/TRIDENT-2021/trident_software/install/athena_mission_control/share/ament_index
creating /home/johannes/TRIDENT-2021/trident_software/install/athena_mission_control/share/ament_index/resource_index
creating /home/johannes/TRIDENT-2021/trident_software/install/athena_mission_control/share/ament_index/resource_index/packages
copying resource/athena_mission_control -> /home/johannes/TRIDENT-2021/trident_software/install/athena_mission_control/share/ament_index/resource_index/packages
copying package.xml -> /home/johannes/TRIDENT-2021/trident_software/install/athena_mission_control/share/athena_mission_control
