running develop
running egg_info
creating athena_position.egg-info
writing athena_position.egg-info/PKG-INFO
writing dependency_links to athena_position.egg-info/dependency_links.txt
writing entry points to athena_position.egg-info/entry_points.txt
writing requirements to athena_position.egg-info/requires.txt
writing top-level names to athena_position.egg-info/top_level.txt
writing manifest file 'athena_position.egg-info/SOURCES.txt'
reading manifest file 'athena_position.egg-info/SOURCES.txt'
writing manifest file 'athena_position.egg-info/SOURCES.txt'
running build_ext
Creating /home/johannes/TRIDENT-2021/trident_software/install/athena_position/lib/python3.8/site-packages/site.py
Creating /home/johannes/TRIDENT-2021/trident_software/install/athena_position/lib/python3.8/site-packages/athena-position.egg-link (link to .)
Installing gps_node script to /home/johannes/TRIDENT-2021/trident_software/install/athena_position/lib/athena_position
Installing imu_node script to /home/johannes/TRIDENT-2021/trident_software/install/athena_position/lib/athena_position
Installing position_node script to /home/johannes/TRIDENT-2021/trident_software/install/athena_position/lib/athena_position

Installed /home/johannes/TRIDENT-2021/trident_software/build/athena_position
running install_data
creating /home/johannes/TRIDENT-2021/trident_software/install/athena_position/share/ament_index
creating /home/johannes/TRIDENT-2021/trident_software/install/athena_position/share/ament_index/resource_index
creating /home/johannes/TRIDENT-2021/trident_software/install/athena_position/share/ament_index/resource_index/packages
copying resource/athena_position -> /home/johannes/TRIDENT-2021/trident_software/install/athena_position/share/ament_index/resource_index/packages
copying package.xml -> /home/johannes/TRIDENT-2021/trident_software/install/athena_position/share/athena_position
copying launch/simulation.launch.py -> /home/johannes/TRIDENT-2021/trident_software/install/athena_position/share/athena_position
