[2.346s] Invoking command in '/home/johannes/TRIDENT-2021/trident_software/build/athena_position': PYTHONPATH=/home/johannes/TRIDENT-2021/trident_software/install/athena_position/lib/python3.8/site-packages:${PYTHONPATH} /usr/bin/python3 setup.py develop --prefix /home/johannes/TRIDENT-2021/trident_software/install/athena_position --editable --build-directory /home/johannes/TRIDENT-2021/trident_software/build/athena_position/build --no-deps install_data --install-dir /home/johannes/TRIDENT-2021/trident_software/install/athena_position
[2.829s] running develop
[3.144s] running egg_info
[3.145s] creating athena_position.egg-info
[3.145s] writing athena_position.egg-info/PKG-INFO
[3.146s] writing dependency_links to athena_position.egg-info/dependency_links.txt
[3.146s] writing entry points to athena_position.egg-info/entry_points.txt
[3.147s] writing requirements to athena_position.egg-info/requires.txt
[3.147s] writing top-level names to athena_position.egg-info/top_level.txt
[3.150s] writing manifest file 'athena_position.egg-info/SOURCES.txt'
[3.221s] reading manifest file 'athena_position.egg-info/SOURCES.txt'
[3.221s] writing manifest file 'athena_position.egg-info/SOURCES.txt'
[3.294s] running build_ext
[3.295s] Creating /home/johannes/TRIDENT-2021/trident_software/install/athena_position/lib/python3.8/site-packages/site.py
[3.297s] Creating /home/johannes/TRIDENT-2021/trident_software/install/athena_position/lib/python3.8/site-packages/athena-position.egg-link (link to .)
[3.299s] Installing gps_node script to /home/johannes/TRIDENT-2021/trident_software/install/athena_position/lib/athena_position
[3.299s] Installing imu_node script to /home/johannes/TRIDENT-2021/trident_software/install/athena_position/lib/athena_position
[3.299s] Installing position_node script to /home/johannes/TRIDENT-2021/trident_software/install/athena_position/lib/athena_position
[3.300s] 
[3.300s] Installed /home/johannes/TRIDENT-2021/trident_software/build/athena_position
[3.300s] running install_data
[3.301s] creating /home/johannes/TRIDENT-2021/trident_software/install/athena_position/share/ament_index
[3.301s] creating /home/johannes/TRIDENT-2021/trident_software/install/athena_position/share/ament_index/resource_index
[3.301s] creating /home/johannes/TRIDENT-2021/trident_software/install/athena_position/share/ament_index/resource_index/packages
[3.301s] copying resource/athena_position -> /home/johannes/TRIDENT-2021/trident_software/install/athena_position/share/ament_index/resource_index/packages
[3.302s] copying package.xml -> /home/johannes/TRIDENT-2021/trident_software/install/athena_position/share/athena_position
[3.302s] copying launch/simulation.launch.py -> /home/johannes/TRIDENT-2021/trident_software/install/athena_position/share/athena_position
[3.410s] Invoked command in '/home/johannes/TRIDENT-2021/trident_software/build/athena_position' returned '0': PYTHONPATH=/home/johannes/TRIDENT-2021/trident_software/install/athena_position/lib/python3.8/site-packages:${PYTHONPATH} /usr/bin/python3 setup.py develop --prefix /home/johannes/TRIDENT-2021/trident_software/install/athena_position --editable --build-directory /home/johannes/TRIDENT-2021/trident_software/build/athena_position/build --no-deps install_data --install-dir /home/johannes/TRIDENT-2021/trident_software/install/athena_position
