[0.079s] Invoking command in '/home/johannes/TRIDENT-2021/trident_software/build/cola2_msgs': CMAKE_PREFIX_PATH=${CMAKE_PREFIX_PATH}:/home/johannes/TRIDENT-2021/trident_software/install/naiad_navigation:/home/johannes/TRIDENT-2021/trident_software/install/naiad_motor_control:/home/johannes/TRIDENT-2021/trident_software/install/naiad_mission_control:/home/johannes/TRIDENT-2021/trident_software/install/naiad_driver:/home/johannes/TRIDENT-2021/trident_software/install/naiad_bringup:/home/johannes/TRIDENT-2021/trident_software/install/athena_bringup:/home/johannes/TRIDENT-2021/trident_software/install/athena_navigation:/home/johannes/TRIDENT-2021/trident_software/install/athena_motor_control:/home/johannes/TRIDENT-2021/trident_software/install/athena_mission_control:/home/johannes/TRIDENT-2021/trident_software/install/athena_guidance_system:/home/johannes/TRIDENT-2021/trident_software/install/athena_driver:/home/johannes/TRIDENT-2021/trident_software/install/naiad_teleop:/home/johannes/TRIDENT-2021/trident_software/install/naiad_position:/home/johannes/TRIDENT-2021/trident_software/install/naiad_guidance_system:/home/johannes/TRIDENT-2021/trident_software/install/naiad:/home/johannes/TRIDENT-2021/trident_software/install/athena_teleop:/home/johannes/TRIDENT-2021/trident_software/install/athena_position:/home/johannes/TRIDENT-2021/trident_software/install/athena:/opt/ros/foxy /usr/bin/cmake /home/johannes/TRIDENT-2021/trident_software/msgs_ws/src/cola2_msgs -DAMENT_CMAKE_SYMLINK_INSTALL=1 -DCMAKE_INSTALL_PREFIX=/home/johannes/TRIDENT-2021/trident_software/install/cola2_msgs
[2.346s] -- The C compiler identification is GNU 9.3.0
[2.348s] -- The CXX compiler identification is GNU 9.3.0
[2.348s] -- Check for working C compiler: /usr/bin/cc
[2.348s] -- Check for working C compiler: /usr/bin/cc -- works
[2.349s] -- Detecting C compiler ABI info
[2.349s] -- Detecting C compiler ABI info - done
[2.349s] -- Detecting C compile features
[2.350s] -- Detecting C compile features - done
[2.350s] -- Check for working CXX compiler: /usr/bin/c++
[2.350s] -- Check for working CXX compiler: /usr/bin/c++ -- works
[2.350s] -- Detecting CXX compiler ABI info
[2.350s] -- Detecting CXX compiler ABI info - done
[2.353s] -- Detecting CXX compile features
[2.354s] -- Detecting CXX compile features - done
[2.354s] -- Found ament_cmake: 0.9.9 (/opt/ros/foxy/share/ament_cmake/cmake)
[2.354s] -- Found PythonInterp: /usr/bin/python3 (found suitable version "3.8.10", minimum required is "3") 
[2.354s] -- Using PYTHON_EXECUTABLE: /usr/bin/python3
[2.354s] -- Override CMake install command with custom implementation using symlinks instead of copying resources
[2.355s] -- Found builtin_interfaces: 1.0.0 (/opt/ros/foxy/share/builtin_interfaces/cmake)
[2.355s] -- Using all available rosidl_typesupport_c: rosidl_typesupport_fastrtps_c;rosidl_typesupport_introspection_c
[2.355s] -- Found rosidl_adapter: 1.2.1 (/opt/ros/foxy/share/rosidl_adapter/cmake)
[2.355s] -- Found OpenSSL: /usr/lib/x86_64-linux-gnu/libcrypto.so (found version "1.1.1f")  
[2.355s] -- Found FastRTPS: /opt/ros/foxy/include  
[2.355s] -- Using all available rosidl_typesupport_cpp: rosidl_typesupport_fastrtps_cpp;rosidl_typesupport_introspection_cpp
[2.356s] -- Found nav_msgs: 2.0.4 (/opt/ros/foxy/share/nav_msgs/cmake)
[2.356s] -- Found sensor_msgs: 2.0.4 (/opt/ros/foxy/share/sensor_msgs/cmake)
[2.356s] -- Found actionlib_msgs: 2.0.4 (/opt/ros/foxy/share/actionlib_msgs/cmake)
[2.356s] -- Found action_msgs: 1.0.0 (/opt/ros/foxy/share/action_msgs/cmake)
[2.356s] -- Found ament_lint_auto: 0.9.6 (/opt/ros/foxy/share/ament_lint_auto/cmake)
[2.357s] -- Found rosidl_default_generators: 1.0.1 (/opt/ros/foxy/share/rosidl_default_generators/cmake)
[2.357s] -- Found PythonInterp: /usr/bin/python3 (found version "3.8.10") 
[2.357s] -- Found ament_cmake_ros: 0.9.2 (/opt/ros/foxy/share/ament_cmake_ros/cmake)
[2.442s] -- Using all available rosidl_typesupport_c: rosidl_typesupport_fastrtps_c;rosidl_typesupport_introspection_c
[2.717s] -- Using all available rosidl_typesupport_cpp: rosidl_typesupport_fastrtps_cpp;rosidl_typesupport_introspection_cpp
[2.790s] -- Found PythonInterp: /usr/bin/python3 (found suitable version "3.8.10", minimum required is "3.5") 
[2.793s] -- Found python_cmake_module: 0.8.1 (/opt/ros/foxy/share/python_cmake_module/cmake)
[2.852s] -- Found PythonLibs: /usr/lib/x86_64-linux-gnu/libpython3.8.so (found suitable version "3.8.10", minimum required is "3.5") 
[2.852s] -- Using PYTHON_EXECUTABLE: /usr/bin/python3
[2.853s] -- Using PYTHON_INCLUDE_DIRS: /usr/include/python3.8
[2.853s] -- Using PYTHON_LIBRARIES: /usr/lib/x86_64-linux-gnu/libpython3.8.so
[2.903s] -- Found PythonExtra: .so  
[3.217s] -- Added test 'copyright' to check source files copyright and LICENSE
[3.224s] -- Added test 'lint_cmake' to check CMake code style
[3.229s] -- Added test 'xmllint' to check XML markup files
[3.252s] -- Configuring done
[3.395s] -- Generating done
[3.397s] -- Build files have been written to: /home/johannes/TRIDENT-2021/trident_software/build/cola2_msgs
[3.458s] Invoked command in '/home/johannes/TRIDENT-2021/trident_software/build/cola2_msgs' returned '0': CMAKE_PREFIX_PATH=${CMAKE_PREFIX_PATH}:/home/johannes/TRIDENT-2021/trident_software/install/naiad_navigation:/home/johannes/TRIDENT-2021/trident_software/install/naiad_motor_control:/home/johannes/TRIDENT-2021/trident_software/install/naiad_mission_control:/home/johannes/TRIDENT-2021/trident_software/install/naiad_driver:/home/johannes/TRIDENT-2021/trident_software/install/naiad_bringup:/home/johannes/TRIDENT-2021/trident_software/install/athena_bringup:/home/johannes/TRIDENT-2021/trident_software/install/athena_navigation:/home/johannes/TRIDENT-2021/trident_software/install/athena_motor_control:/home/johannes/TRIDENT-2021/trident_software/install/athena_mission_control:/home/johannes/TRIDENT-2021/trident_software/install/athena_guidance_system:/home/johannes/TRIDENT-2021/trident_software/install/athena_driver:/home/johannes/TRIDENT-2021/trident_software/install/naiad_teleop:/home/johannes/TRIDENT-2021/trident_software/install/naiad_position:/home/johannes/TRIDENT-2021/trident_software/install/naiad_guidance_system:/home/johannes/TRIDENT-2021/trident_software/install/naiad:/home/johannes/TRIDENT-2021/trident_software/install/athena_teleop:/home/johannes/TRIDENT-2021/trident_software/install/athena_position:/home/johannes/TRIDENT-2021/trident_software/install/athena:/opt/ros/foxy /usr/bin/cmake /home/johannes/TRIDENT-2021/trident_software/msgs_ws/src/cola2_msgs -DAMENT_CMAKE_SYMLINK_INSTALL=1 -DCMAKE_INSTALL_PREFIX=/home/johannes/TRIDENT-2021/trident_software/install/cola2_msgs
[3.460s] Invoking command in '/home/johannes/TRIDENT-2021/trident_software/build/cola2_msgs': CMAKE_PREFIX_PATH=${CMAKE_PREFIX_PATH}:/home/johannes/TRIDENT-2021/trident_software/install/naiad_navigation:/home/johannes/TRIDENT-2021/trident_software/install/naiad_motor_control:/home/johannes/TRIDENT-2021/trident_software/install/naiad_mission_control:/home/johannes/TRIDENT-2021/trident_software/install/naiad_driver:/home/johannes/TRIDENT-2021/trident_software/install/naiad_bringup:/home/johannes/TRIDENT-2021/trident_software/install/athena_bringup:/home/johannes/TRIDENT-2021/trident_software/install/athena_navigation:/home/johannes/TRIDENT-2021/trident_software/install/athena_motor_control:/home/johannes/TRIDENT-2021/trident_software/install/athena_mission_control:/home/johannes/TRIDENT-2021/trident_software/install/athena_guidance_system:/home/johannes/TRIDENT-2021/trident_software/install/athena_driver:/home/johannes/TRIDENT-2021/trident_software/install/naiad_teleop:/home/johannes/TRIDENT-2021/trident_software/install/naiad_position:/home/johannes/TRIDENT-2021/trident_software/install/naiad_guidance_system:/home/johannes/TRIDENT-2021/trident_software/install/naiad:/home/johannes/TRIDENT-2021/trident_software/install/athena_teleop:/home/johannes/TRIDENT-2021/trident_software/install/athena_position:/home/johannes/TRIDENT-2021/trident_software/install/athena:/opt/ros/foxy /usr/bin/cmake --build /home/johannes/TRIDENT-2021/trident_software/build/cola2_msgs -- -j12 -l12
[3.500s] [35m[1mScanning dependencies of target cola2_msgs__cpp[0m
[3.501s] [  3%] [34m[1mGenerating C code for ROS interfaces[0m
[3.512s] [  6%] [34m[1mGenerating C++ code for ROS interfaces[0m
[3.792s] [35m[1mScanning dependencies of target cola2_msgs__rosidl_generator_c[0m
[3.806s] [  9%] [32mBuilding C object CMakeFiles/cola2_msgs__rosidl_generator_c.dir/rosidl_generator_c/cola2_msgs/msg/detail/setpoints__functions.c.o[0m
[3.830s] [  9%] Built target cola2_msgs__cpp
[3.841s] [ 16%] [34m[1mGenerating C++ type support dispatch for ROS interfaces[0m
[3.842s] [ 16%] [34m[1mGenerating C++ type support for eProsima Fast-RTPS[0m
[3.842s] [ 19%] [34m[1mGenerating C++ introspection for ROS interfaces[0m
[3.848s] [ 22%] [32m[1mLinking C shared library libcola2_msgs__rosidl_generator_c.so[0m
[3.888s] [ 22%] Built target cola2_msgs__rosidl_generator_c
[3.900s] [ 25%] [34m[1mGenerating C introspection for ROS interfaces[0m
[3.901s] [ 29%] [34m[1mGenerating C type support dispatch for ROS interfaces[0m
[4.159s] [35m[1mScanning dependencies of target cola2_msgs__rosidl_typesupport_cpp[0m
[4.178s] [ 32%] [32mBuilding CXX object CMakeFiles/cola2_msgs__rosidl_typesupport_cpp.dir/rosidl_typesupport_cpp/cola2_msgs/msg/setpoints__type_support.cpp.o[0m
[4.190s] [35m[1mScanning dependencies of target cola2_msgs__rosidl_typesupport_introspection_c[0m
[4.208s] [ 35%] [32mBuilding C object CMakeFiles/cola2_msgs__rosidl_typesupport_introspection_c.dir/rosidl_typesupport_introspection_c/cola2_msgs/msg/detail/setpoints__type_support.c.o[0m
[4.260s] [ 38%] [32m[1mLinking C shared library libcola2_msgs__rosidl_typesupport_introspection_c.so[0m
[4.301s] [35m[1mScanning dependencies of target cola2_msgs__rosidl_typesupport_introspection_cpp[0m
[4.304s] [ 38%] Built target cola2_msgs__rosidl_typesupport_introspection_c
[4.313s] [35m[1mScanning dependencies of target cola2_msgs__rosidl_typesupport_fastrtps_cpp[0m
[4.318s] [35m[1mScanning dependencies of target cola2_msgs__rosidl_typesupport_c[0m
[4.320s] [ 41%] [32mBuilding CXX object CMakeFiles/cola2_msgs__rosidl_typesupport_introspection_cpp.dir/rosidl_typesupport_introspection_cpp/cola2_msgs/msg/detail/setpoints__type_support.cpp.o[0m
[4.333s] [ 45%] [32mBuilding CXX object CMakeFiles/cola2_msgs__rosidl_typesupport_fastrtps_cpp.dir/rosidl_typesupport_fastrtps_cpp/cola2_msgs/msg/detail/dds_fastrtps/setpoints__type_support.cpp.o[0m
[4.335s] [ 48%] [32mBuilding CXX object CMakeFiles/cola2_msgs__rosidl_typesupport_c.dir/rosidl_typesupport_c/cola2_msgs/msg/setpoints__type_support.cpp.o[0m
[4.367s] [ 51%] [32m[1mLinking CXX shared library libcola2_msgs__rosidl_typesupport_c.so[0m
[4.411s] [ 51%] Built target cola2_msgs__rosidl_typesupport_c
[4.593s] [ 54%] [32m[1mLinking CXX shared library libcola2_msgs__rosidl_typesupport_cpp.so[0m
[4.641s] [ 54%] Built target cola2_msgs__rosidl_typesupport_cpp
[4.878s] [ 58%] [32m[1mLinking CXX shared library libcola2_msgs__rosidl_typesupport_introspection_cpp.so[0m
[4.952s] [ 58%] Built target cola2_msgs__rosidl_typesupport_introspection_cpp
[4.973s] [ 61%] [32m[1mLinking CXX shared library libcola2_msgs__rosidl_typesupport_fastrtps_cpp.so[0m
[5.061s] [ 61%] Built target cola2_msgs__rosidl_typesupport_fastrtps_cpp
[5.073s] [ 64%] [34m[1mGenerating C type support for eProsima Fast-RTPS[0m
[5.363s] [35m[1mScanning dependencies of target cola2_msgs__rosidl_typesupport_fastrtps_c[0m
[5.379s] [ 67%] [32mBuilding CXX object CMakeFiles/cola2_msgs__rosidl_typesupport_fastrtps_c.dir/rosidl_typesupport_fastrtps_c/cola2_msgs/msg/detail/setpoints__type_support_c.cpp.o[0m
[5.808s] [ 70%] [32m[1mLinking CXX shared library libcola2_msgs__rosidl_typesupport_fastrtps_c.so[0m
[5.891s] [ 70%] Built target cola2_msgs__rosidl_typesupport_fastrtps_c
[5.900s] [35m[1mScanning dependencies of target cola2_msgs[0m
[5.911s] [ 70%] Built target cola2_msgs
[5.921s] [35m[1mScanning dependencies of target cola2_msgs__py[0m
[5.932s] [ 74%] [34m[1mGenerating Python code for ROS interfaces[0m
[6.370s] [ 74%] Built target cola2_msgs__py
[6.379s] [35m[1mScanning dependencies of target cola2_msgs__python[0m
[6.399s] [ 77%] [32mBuilding C object CMakeFiles/cola2_msgs__python.dir/rosidl_generator_py/cola2_msgs/msg/_setpoints_s.c.o[0m
[6.498s] [ 80%] [32m[1mLinking C shared library rosidl_generator_py/cola2_msgs/libcola2_msgs__python.so[0m
[6.546s] [ 80%] Built target cola2_msgs__python
[6.557s] [35m[1mScanning dependencies of target cola2_msgs__rosidl_typesupport_c__pyext[0m
[6.557s] [35m[1mScanning dependencies of target cola2_msgs__rosidl_typesupport_fastrtps_c__pyext[0m
[6.560s] [35m[1mScanning dependencies of target cola2_msgs__rosidl_typesupport_introspection_c__pyext[0m
[6.581s] [ 83%] [32mBuilding C object CMakeFiles/cola2_msgs__rosidl_typesupport_c__pyext.dir/rosidl_generator_py/cola2_msgs/_cola2_msgs_s.ep.rosidl_typesupport_c.c.o[0m
[6.582s] [ 87%] [32mBuilding C object CMakeFiles/cola2_msgs__rosidl_typesupport_fastrtps_c__pyext.dir/rosidl_generator_py/cola2_msgs/_cola2_msgs_s.ep.rosidl_typesupport_fastrtps_c.c.o[0m
[6.584s] [ 90%] [32mBuilding C object CMakeFiles/cola2_msgs__rosidl_typesupport_introspection_c__pyext.dir/rosidl_generator_py/cola2_msgs/_cola2_msgs_s.ep.rosidl_typesupport_introspection_c.c.o[0m
[6.674s] [ 93%] [32m[1mLinking C shared library rosidl_generator_py/cola2_msgs/cola2_msgs_s__rosidl_typesupport_introspection_c.cpython-38-x86_64-linux-gnu.so[0m
[6.674s] [ 96%] [32m[1mLinking C shared library rosidl_generator_py/cola2_msgs/cola2_msgs_s__rosidl_typesupport_c.cpython-38-x86_64-linux-gnu.so[0m
[6.719s] [ 96%] Built target cola2_msgs__rosidl_typesupport_c__pyext
[6.719s] [ 96%] Built target cola2_msgs__rosidl_typesupport_introspection_c__pyext
[6.735s] [100%] [32m[1mLinking CXX shared library rosidl_generator_py/cola2_msgs/cola2_msgs_s__rosidl_typesupport_fastrtps_c.cpython-38-x86_64-linux-gnu.so[0m
[6.853s] [100%] Built target cola2_msgs__rosidl_typesupport_fastrtps_c__pyext
[6.866s] Invoked command in '/home/johannes/TRIDENT-2021/trident_software/build/cola2_msgs' returned '0': CMAKE_PREFIX_PATH=${CMAKE_PREFIX_PATH}:/home/johannes/TRIDENT-2021/trident_software/install/naiad_navigation:/home/johannes/TRIDENT-2021/trident_software/install/naiad_motor_control:/home/johannes/TRIDENT-2021/trident_software/install/naiad_mission_control:/home/johannes/TRIDENT-2021/trident_software/install/naiad_driver:/home/johannes/TRIDENT-2021/trident_software/install/naiad_bringup:/home/johannes/TRIDENT-2021/trident_software/install/athena_bringup:/home/johannes/TRIDENT-2021/trident_software/install/athena_navigation:/home/johannes/TRIDENT-2021/trident_software/install/athena_motor_control:/home/johannes/TRIDENT-2021/trident_software/install/athena_mission_control:/home/johannes/TRIDENT-2021/trident_software/install/athena_guidance_system:/home/johannes/TRIDENT-2021/trident_software/install/athena_driver:/home/johannes/TRIDENT-2021/trident_software/install/naiad_teleop:/home/johannes/TRIDENT-2021/trident_software/install/naiad_position:/home/johannes/TRIDENT-2021/trident_software/install/naiad_guidance_system:/home/johannes/TRIDENT-2021/trident_software/install/naiad:/home/johannes/TRIDENT-2021/trident_software/install/athena_teleop:/home/johannes/TRIDENT-2021/trident_software/install/athena_position:/home/johannes/TRIDENT-2021/trident_software/install/athena:/opt/ros/foxy /usr/bin/cmake --build /home/johannes/TRIDENT-2021/trident_software/build/cola2_msgs -- -j12 -l12
[7.011s] Invoking command in '/home/johannes/TRIDENT-2021/trident_software/build/cola2_msgs': CMAKE_PREFIX_PATH=${CMAKE_PREFIX_PATH}:/home/johannes/TRIDENT-2021/trident_software/install/naiad_navigation:/home/johannes/TRIDENT-2021/trident_software/install/naiad_motor_control:/home/johannes/TRIDENT-2021/trident_software/install/naiad_mission_control:/home/johannes/TRIDENT-2021/trident_software/install/naiad_driver:/home/johannes/TRIDENT-2021/trident_software/install/naiad_bringup:/home/johannes/TRIDENT-2021/trident_software/install/athena_bringup:/home/johannes/TRIDENT-2021/trident_software/install/athena_navigation:/home/johannes/TRIDENT-2021/trident_software/install/athena_motor_control:/home/johannes/TRIDENT-2021/trident_software/install/athena_mission_control:/home/johannes/TRIDENT-2021/trident_software/install/athena_guidance_system:/home/johannes/TRIDENT-2021/trident_software/install/athena_driver:/home/johannes/TRIDENT-2021/trident_software/install/naiad_teleop:/home/johannes/TRIDENT-2021/trident_software/install/naiad_position:/home/johannes/TRIDENT-2021/trident_software/install/naiad_guidance_system:/home/johannes/TRIDENT-2021/trident_software/install/naiad:/home/johannes/TRIDENT-2021/trident_software/install/athena_teleop:/home/johannes/TRIDENT-2021/trident_software/install/athena_position:/home/johannes/TRIDENT-2021/trident_software/install/athena:/opt/ros/foxy /usr/bin/cmake --install /home/johannes/TRIDENT-2021/trident_software/build/cola2_msgs
[7.035s] -- Install configuration: ""
[7.035s] -- Execute custom install script
[7.035s] -- Symlinking: /home/johannes/TRIDENT-2021/trident_software/install/cola2_msgs/share/ament_index/resource_index/rosidl_interfaces/cola2_msgs
[7.047s] -- Symlinking: /home/johannes/TRIDENT-2021/trident_software/install/cola2_msgs/include/cola2_msgs/msg/detail/setpoints__functions.h
[7.060s] -- Symlinking: /home/johannes/TRIDENT-2021/trident_software/install/cola2_msgs/include/cola2_msgs/msg/detail/setpoints__struct.h
[7.072s] -- Symlinking: /home/johannes/TRIDENT-2021/trident_software/install/cola2_msgs/include/cola2_msgs/msg/detail/setpoints__type_support.h
[7.085s] -- Symlinking: /home/johannes/TRIDENT-2021/trident_software/install/cola2_msgs/include/cola2_msgs/msg/rosidl_generator_c__visibility_control.h
[7.095s] -- Symlinking: /home/johannes/TRIDENT-2021/trident_software/install/cola2_msgs/include/cola2_msgs/msg/setpoints.h
[7.105s] -- Symlinking: /home/johannes/TRIDENT-2021/trident_software/install/cola2_msgs/share/cola2_msgs/environment/library_path.sh
[7.115s] -- Symlinking: /home/johannes/TRIDENT-2021/trident_software/install/cola2_msgs/share/cola2_msgs/environment/library_path.dsv
[7.126s] -- Symlinking: /home/johannes/TRIDENT-2021/trident_software/install/cola2_msgs/include/cola2_msgs/msg/detail/setpoints__rosidl_typesupport_fastrtps_c.h
[7.136s] -- Symlinking: /home/johannes/TRIDENT-2021/trident_software/install/cola2_msgs/include/cola2_msgs/msg/rosidl_typesupport_fastrtps_c__visibility_control.h
[7.154s] -- Symlinking: /home/johannes/TRIDENT-2021/trident_software/install/cola2_msgs/lib/libcola2_msgs__rosidl_typesupport_fastrtps_c.so
[7.164s] -- Symlinking: /home/johannes/TRIDENT-2021/trident_software/install/cola2_msgs/include/cola2_msgs/msg/detail/setpoints__rosidl_typesupport_fastrtps_cpp.hpp
[7.174s] -- Symlinking: /home/johannes/TRIDENT-2021/trident_software/install/cola2_msgs/include/cola2_msgs/msg/rosidl_typesupport_fastrtps_cpp__visibility_control.h
[7.188s] -- Symlinking: /home/johannes/TRIDENT-2021/trident_software/install/cola2_msgs/lib/libcola2_msgs__rosidl_typesupport_fastrtps_cpp.so
[7.204s] -- Symlinking: /home/johannes/TRIDENT-2021/trident_software/install/cola2_msgs/include/cola2_msgs/msg/detail/setpoints__rosidl_typesupport_introspection_c.h
[7.218s] -- Symlinking: /home/johannes/TRIDENT-2021/trident_software/install/cola2_msgs/include/cola2_msgs/msg/rosidl_typesupport_introspection_c__visibility_control.h
[7.233s] -- Symlinking: /home/johannes/TRIDENT-2021/trident_software/install/cola2_msgs/include/cola2_msgs/msg/detail/setpoints__builder.hpp
[7.247s] -- Symlinking: /home/johannes/TRIDENT-2021/trident_software/install/cola2_msgs/include/cola2_msgs/msg/detail/setpoints__struct.hpp
[7.260s] -- Symlinking: /home/johannes/TRIDENT-2021/trident_software/install/cola2_msgs/include/cola2_msgs/msg/detail/setpoints__traits.hpp
[7.270s] -- Symlinking: /home/johannes/TRIDENT-2021/trident_software/install/cola2_msgs/include/cola2_msgs/msg/setpoints.hpp
[7.280s] -- Symlinking: /home/johannes/TRIDENT-2021/trident_software/install/cola2_msgs/include/cola2_msgs/msg/detail/setpoints__rosidl_typesupport_introspection_cpp.hpp
[7.290s] -- Symlinking: /home/johannes/TRIDENT-2021/trident_software/install/cola2_msgs/share/cola2_msgs/environment/pythonpath.sh
[7.300s] -- Symlinking: /home/johannes/TRIDENT-2021/trident_software/install/cola2_msgs/share/cola2_msgs/environment/pythonpath.dsv
[7.309s] -- Symlinking: /home/johannes/TRIDENT-2021/trident_software/install/cola2_msgs/lib/python3.8/site-packages/cola2_msgs/__init__.py
[7.319s] -- Symlinking: /home/johannes/TRIDENT-2021/trident_software/install/cola2_msgs/lib/python3.8/site-packages/cola2_msgs/msg/__init__.py
[7.328s] -- Symlinking: /home/johannes/TRIDENT-2021/trident_software/install/cola2_msgs/lib/python3.8/site-packages/cola2_msgs/msg/_setpoints.py
[7.339s] -- Symlinking: /home/johannes/TRIDENT-2021/trident_software/install/cola2_msgs/lib/python3.8/site-packages/cola2_msgs/cola2_msgs_s__rosidl_typesupport_fastrtps_c.cpython-38-x86_64-linux-gnu.so
[7.350s] -- Symlinking: /home/johannes/TRIDENT-2021/trident_software/install/cola2_msgs/lib/python3.8/site-packages/cola2_msgs/cola2_msgs_s__rosidl_typesupport_introspection_c.cpython-38-x86_64-linux-gnu.so
[7.360s] -- Symlinking: /home/johannes/TRIDENT-2021/trident_software/install/cola2_msgs/lib/python3.8/site-packages/cola2_msgs/cola2_msgs_s__rosidl_typesupport_c.cpython-38-x86_64-linux-gnu.so
[7.370s] -- Symlinking: /home/johannes/TRIDENT-2021/trident_software/install/cola2_msgs/lib/libcola2_msgs__python.so
[7.379s] -- Symlinking: /home/johannes/TRIDENT-2021/trident_software/install/cola2_msgs/share/cola2_msgs/msg/Setpoints.idl
[7.390s] -- Symlinking: /home/johannes/TRIDENT-2021/trident_software/install/cola2_msgs/share/cola2_msgs/msg/Setpoints.msg
[7.400s] -- Symlinking: /home/johannes/TRIDENT-2021/trident_software/install/cola2_msgs/share/ament_index/resource_index/package_run_dependencies/cola2_msgs
[7.410s] -- Symlinking: /home/johannes/TRIDENT-2021/trident_software/install/cola2_msgs/share/ament_index/resource_index/parent_prefix_path/cola2_msgs
[7.420s] -- Symlinking: /home/johannes/TRIDENT-2021/trident_software/install/cola2_msgs/share/cola2_msgs/environment/ament_prefix_path.sh
[7.432s] -- Symlinking: /home/johannes/TRIDENT-2021/trident_software/install/cola2_msgs/share/cola2_msgs/environment/ament_prefix_path.dsv
[7.446s] -- Symlinking: /home/johannes/TRIDENT-2021/trident_software/install/cola2_msgs/share/cola2_msgs/environment/path.sh
[7.461s] -- Symlinking: /home/johannes/TRIDENT-2021/trident_software/install/cola2_msgs/share/cola2_msgs/environment/path.dsv
[7.475s] -- Symlinking: /home/johannes/TRIDENT-2021/trident_software/install/cola2_msgs/share/cola2_msgs/local_setup.bash
[7.489s] -- Symlinking: /home/johannes/TRIDENT-2021/trident_software/install/cola2_msgs/share/cola2_msgs/local_setup.sh
[7.504s] -- Symlinking: /home/johannes/TRIDENT-2021/trident_software/install/cola2_msgs/share/cola2_msgs/local_setup.zsh
[7.518s] -- Symlinking: /home/johannes/TRIDENT-2021/trident_software/install/cola2_msgs/share/cola2_msgs/local_setup.dsv
[7.532s] -- Symlinking: /home/johannes/TRIDENT-2021/trident_software/install/cola2_msgs/share/cola2_msgs/package.dsv
[7.546s] -- Symlinking: /home/johannes/TRIDENT-2021/trident_software/install/cola2_msgs/share/ament_index/resource_index/packages/cola2_msgs
[7.556s] -- Symlinking: /home/johannes/TRIDENT-2021/trident_software/install/cola2_msgs/share/cola2_msgs/cmake/rosidl_cmake-extras.cmake
[7.566s] -- Symlinking: /home/johannes/TRIDENT-2021/trident_software/install/cola2_msgs/share/cola2_msgs/cmake/ament_cmake_export_dependencies-extras.cmake
[7.575s] -- Symlinking: /home/johannes/TRIDENT-2021/trident_software/install/cola2_msgs/share/cola2_msgs/cmake/ament_cmake_export_libraries-extras.cmake
[7.585s] -- Symlinking: /home/johannes/TRIDENT-2021/trident_software/install/cola2_msgs/share/cola2_msgs/cmake/ament_cmake_export_targets-extras.cmake
[7.595s] -- Symlinking: /home/johannes/TRIDENT-2021/trident_software/install/cola2_msgs/share/cola2_msgs/cmake/ament_cmake_export_include_directories-extras.cmake
[7.607s] -- Symlinking: /home/johannes/TRIDENT-2021/trident_software/install/cola2_msgs/share/cola2_msgs/cmake/rosidl_cmake_export_typesupport_libraries-extras.cmake
[7.616s] -- Symlinking: /home/johannes/TRIDENT-2021/trident_software/install/cola2_msgs/share/cola2_msgs/cmake/rosidl_cmake_export_typesupport_targets-extras.cmake
[7.625s] -- Symlinking: /home/johannes/TRIDENT-2021/trident_software/install/cola2_msgs/share/cola2_msgs/cmake/cola2_msgsConfig.cmake
[7.634s] -- Symlinking: /home/johannes/TRIDENT-2021/trident_software/install/cola2_msgs/share/cola2_msgs/cmake/cola2_msgsConfig-version.cmake
[7.644s] -- Symlinking: /home/johannes/TRIDENT-2021/trident_software/install/cola2_msgs/share/cola2_msgs/package.xml
[7.653s] -- Installing: /home/johannes/TRIDENT-2021/trident_software/install/cola2_msgs/lib/libcola2_msgs__rosidl_generator_c.so
[7.653s] -- Set runtime path of "/home/johannes/TRIDENT-2021/trident_software/install/cola2_msgs/lib/libcola2_msgs__rosidl_generator_c.so" to ""
[7.653s] -- Installing: /home/johannes/TRIDENT-2021/trident_software/install/cola2_msgs/lib/libcola2_msgs__rosidl_typesupport_introspection_c.so
[7.654s] -- Set runtime path of "/home/johannes/TRIDENT-2021/trident_software/install/cola2_msgs/lib/libcola2_msgs__rosidl_typesupport_introspection_c.so" to ""
[7.654s] -- Installing: /home/johannes/TRIDENT-2021/trident_software/install/cola2_msgs/lib/libcola2_msgs__rosidl_typesupport_c.so
[7.654s] -- Set runtime path of "/home/johannes/TRIDENT-2021/trident_software/install/cola2_msgs/lib/libcola2_msgs__rosidl_typesupport_c.so" to ""
[7.654s] -- Installing: /home/johannes/TRIDENT-2021/trident_software/install/cola2_msgs/lib/libcola2_msgs__rosidl_typesupport_introspection_cpp.so
[7.655s] -- Set runtime path of "/home/johannes/TRIDENT-2021/trident_software/install/cola2_msgs/lib/libcola2_msgs__rosidl_typesupport_introspection_cpp.so" to ""
[7.655s] -- Installing: /home/johannes/TRIDENT-2021/trident_software/install/cola2_msgs/lib/libcola2_msgs__rosidl_typesupport_cpp.so
[7.655s] -- Set runtime path of "/home/johannes/TRIDENT-2021/trident_software/install/cola2_msgs/lib/libcola2_msgs__rosidl_typesupport_cpp.so" to ""
[7.711s] Compiling '/home/johannes/TRIDENT-2021/trident_software/install/cola2_msgs/lib/python3.8/site-packages/cola2_msgs/__init__.py'...
[7.715s] -- Installing: /home/johannes/TRIDENT-2021/trident_software/install/cola2_msgs/share/cola2_msgs/cmake/cola2_msgs__rosidl_generator_cExport.cmake
[7.715s] -- Installing: /home/johannes/TRIDENT-2021/trident_software/install/cola2_msgs/share/cola2_msgs/cmake/cola2_msgs__rosidl_generator_cExport-noconfig.cmake
[7.715s] -- Installing: /home/johannes/TRIDENT-2021/trident_software/install/cola2_msgs/share/cola2_msgs/cmake/cola2_msgs__rosidl_typesupport_introspection_cExport.cmake
[7.716s] -- Installing: /home/johannes/TRIDENT-2021/trident_software/install/cola2_msgs/share/cola2_msgs/cmake/cola2_msgs__rosidl_typesupport_introspection_cExport-noconfig.cmake
[7.716s] -- Installing: /home/johannes/TRIDENT-2021/trident_software/install/cola2_msgs/share/cola2_msgs/cmake/cola2_msgs__rosidl_typesupport_cExport.cmake
[7.716s] -- Installing: /home/johannes/TRIDENT-2021/trident_software/install/cola2_msgs/share/cola2_msgs/cmake/cola2_msgs__rosidl_typesupport_cExport-noconfig.cmake
[7.717s] -- Installing: /home/johannes/TRIDENT-2021/trident_software/install/cola2_msgs/share/cola2_msgs/cmake/cola2_msgs__rosidl_generator_cppExport.cmake
[7.717s] -- Installing: /home/johannes/TRIDENT-2021/trident_software/install/cola2_msgs/share/cola2_msgs/cmake/cola2_msgs__rosidl_typesupport_introspection_cppExport.cmake
[7.717s] -- Installing: /home/johannes/TRIDENT-2021/trident_software/install/cola2_msgs/share/cola2_msgs/cmake/cola2_msgs__rosidl_typesupport_introspection_cppExport-noconfig.cmake
[7.717s] -- Installing: /home/johannes/TRIDENT-2021/trident_software/install/cola2_msgs/share/cola2_msgs/cmake/cola2_msgs__rosidl_typesupport_cppExport.cmake
[7.718s] -- Installing: /home/johannes/TRIDENT-2021/trident_software/install/cola2_msgs/share/cola2_msgs/cmake/cola2_msgs__rosidl_typesupport_cppExport-noconfig.cmake
[7.723s] Invoked command in '/home/johannes/TRIDENT-2021/trident_software/build/cola2_msgs' returned '0': CMAKE_PREFIX_PATH=${CMAKE_PREFIX_PATH}:/home/johannes/TRIDENT-2021/trident_software/install/naiad_navigation:/home/johannes/TRIDENT-2021/trident_software/install/naiad_motor_control:/home/johannes/TRIDENT-2021/trident_software/install/naiad_mission_control:/home/johannes/TRIDENT-2021/trident_software/install/naiad_driver:/home/johannes/TRIDENT-2021/trident_software/install/naiad_bringup:/home/johannes/TRIDENT-2021/trident_software/install/athena_bringup:/home/johannes/TRIDENT-2021/trident_software/install/athena_navigation:/home/johannes/TRIDENT-2021/trident_software/install/athena_motor_control:/home/johannes/TRIDENT-2021/trident_software/install/athena_mission_control:/home/johannes/TRIDENT-2021/trident_software/install/athena_guidance_system:/home/johannes/TRIDENT-2021/trident_software/install/athena_driver:/home/johannes/TRIDENT-2021/trident_software/install/naiad_teleop:/home/johannes/TRIDENT-2021/trident_software/install/naiad_position:/home/johannes/TRIDENT-2021/trident_software/install/naiad_guidance_system:/home/johannes/TRIDENT-2021/trident_software/install/naiad:/home/johannes/TRIDENT-2021/trident_software/install/athena_teleop:/home/johannes/TRIDENT-2021/trident_software/install/athena_position:/home/johannes/TRIDENT-2021/trident_software/install/athena:/opt/ros/foxy /usr/bin/cmake --install /home/johannes/TRIDENT-2021/trident_software/build/cola2_msgs
