running develop
running egg_info
creating naiad_teleop.egg-info
writing naiad_teleop.egg-info/PKG-INFO
writing dependency_links to naiad_teleop.egg-info/dependency_links.txt
writing entry points to naiad_teleop.egg-info/entry_points.txt
writing requirements to naiad_teleop.egg-info/requires.txt
writing top-level names to naiad_teleop.egg-info/top_level.txt
writing manifest file 'naiad_teleop.egg-info/SOURCES.txt'
reading manifest file 'naiad_teleop.egg-info/SOURCES.txt'
writing manifest file 'naiad_teleop.egg-info/SOURCES.txt'
running build_ext
Creating /home/johannes/TRIDENT-2021/trident_software/install/naiad_teleop/lib/python3.8/site-packages/site.py
Creating /home/johannes/TRIDENT-2021/trident_software/install/naiad_teleop/lib/python3.8/site-packages/naiad-teleop.egg-link (link to .)

Installed /home/johannes/TRIDENT-2021/trident_software/build/naiad_teleop
running install_data
creating /home/johannes/TRIDENT-2021/trident_software/install/naiad_teleop/share/ament_index
creating /home/johannes/TRIDENT-2021/trident_software/install/naiad_teleop/share/ament_index/resource_index
creating /home/johannes/TRIDENT-2021/trident_software/install/naiad_teleop/share/ament_index/resource_index/packages
copying resource/naiad_teleop -> /home/johannes/TRIDENT-2021/trident_software/install/naiad_teleop/share/ament_index/resource_index/packages
copying package.xml -> /home/johannes/TRIDENT-2021/trident_software/install/naiad_teleop/share/naiad_teleop
