[2.330s] Invoking command in '/home/johannes/TRIDENT-2021/trident_software/build/naiad_teleop': PYTHONPATH=/home/johannes/TRIDENT-2021/trident_software/install/naiad_teleop/lib/python3.8/site-packages:${PYTHONPATH} /usr/bin/python3 setup.py develop --prefix /home/johannes/TRIDENT-2021/trident_software/install/naiad_teleop --editable --build-directory /home/johannes/TRIDENT-2021/trident_software/build/naiad_teleop/build --no-deps install_data --install-dir /home/johannes/TRIDENT-2021/trident_software/install/naiad_teleop
[3.295s] running develop
[3.295s] running egg_info
[3.296s] creating naiad_teleop.egg-info
[3.296s] writing naiad_teleop.egg-info/PKG-INFO
[3.296s] writing dependency_links to naiad_teleop.egg-info/dependency_links.txt
[3.297s] writing entry points to naiad_teleop.egg-info/entry_points.txt
[3.299s] writing requirements to naiad_teleop.egg-info/requires.txt
[3.300s] writing top-level names to naiad_teleop.egg-info/top_level.txt
[3.300s] writing manifest file 'naiad_teleop.egg-info/SOURCES.txt'
[3.300s] reading manifest file 'naiad_teleop.egg-info/SOURCES.txt'
[3.301s] writing manifest file 'naiad_teleop.egg-info/SOURCES.txt'
[3.301s] running build_ext
[3.301s] Creating /home/johannes/TRIDENT-2021/trident_software/install/naiad_teleop/lib/python3.8/site-packages/site.py
[3.302s] Creating /home/johannes/TRIDENT-2021/trident_software/install/naiad_teleop/lib/python3.8/site-packages/naiad-teleop.egg-link (link to .)
[3.302s] 
[3.303s] Installed /home/johannes/TRIDENT-2021/trident_software/build/naiad_teleop
[3.303s] running install_data
[3.304s] creating /home/johannes/TRIDENT-2021/trident_software/install/naiad_teleop/share/ament_index
[3.304s] creating /home/johannes/TRIDENT-2021/trident_software/install/naiad_teleop/share/ament_index/resource_index
[3.304s] creating /home/johannes/TRIDENT-2021/trident_software/install/naiad_teleop/share/ament_index/resource_index/packages
[3.304s] copying resource/naiad_teleop -> /home/johannes/TRIDENT-2021/trident_software/install/naiad_teleop/share/ament_index/resource_index/packages
[3.305s] copying package.xml -> /home/johannes/TRIDENT-2021/trident_software/install/naiad_teleop/share/naiad_teleop
[3.380s] Invoked command in '/home/johannes/TRIDENT-2021/trident_software/build/naiad_teleop' returned '0': PYTHONPATH=/home/johannes/TRIDENT-2021/trident_software/install/naiad_teleop/lib/python3.8/site-packages:${PYTHONPATH} /usr/bin/python3 setup.py develop --prefix /home/johannes/TRIDENT-2021/trident_software/install/naiad_teleop --editable --build-directory /home/johannes/TRIDENT-2021/trident_software/build/naiad_teleop/build --no-deps install_data --install-dir /home/johannes/TRIDENT-2021/trident_software/install/naiad_teleop
