[0.082s] Invoking command in '/home/johannes/TRIDENT-2021/trident_software/build/trident_msgs': CMAKE_PREFIX_PATH=${CMAKE_PREFIX_PATH}:/home/johannes/TRIDENT-2021/trident_software/install/naiad_navigation:/home/johannes/TRIDENT-2021/trident_software/install/naiad_motor_control:/home/johannes/TRIDENT-2021/trident_software/install/naiad_mission_control:/home/johannes/TRIDENT-2021/trident_software/install/naiad_driver:/home/johannes/TRIDENT-2021/trident_software/install/naiad_bringup:/home/johannes/TRIDENT-2021/trident_software/install/athena_bringup:/home/johannes/TRIDENT-2021/trident_software/install/athena_navigation:/home/johannes/TRIDENT-2021/trident_software/install/athena_motor_control:/home/johannes/TRIDENT-2021/trident_software/install/athena_mission_control:/home/johannes/TRIDENT-2021/trident_software/install/athena_guidance_system:/home/johannes/TRIDENT-2021/trident_software/install/athena_driver:/home/johannes/TRIDENT-2021/trident_software/install/naiad_teleop:/home/johannes/TRIDENT-2021/trident_software/install/naiad_position:/home/johannes/TRIDENT-2021/trident_software/install/naiad_guidance_system:/home/johannes/TRIDENT-2021/trident_software/install/naiad:/home/johannes/TRIDENT-2021/trident_software/install/athena_teleop:/home/johannes/TRIDENT-2021/trident_software/install/athena_position:/home/johannes/TRIDENT-2021/trident_software/install/athena:/opt/ros/foxy /usr/bin/cmake /home/johannes/TRIDENT-2021/trident_software/msgs_ws/src/trident_msgs -DAMENT_CMAKE_SYMLINK_INSTALL=1 -DCMAKE_INSTALL_PREFIX=/home/johannes/TRIDENT-2021/trident_software/install/trident_msgs
[2.333s] -- The C compiler identification is GNU 9.3.0
[2.334s] -- The CXX compiler identification is GNU 9.3.0
[2.335s] -- Check for working C compiler: /usr/bin/cc
[2.335s] -- Check for working C compiler: /usr/bin/cc -- works
[2.336s] -- Detecting C compiler ABI info
[2.336s] -- Detecting C compiler ABI info - done
[2.338s] -- Detecting C compile features
[2.338s] -- Detecting C compile features - done
[2.339s] -- Check for working CXX compiler: /usr/bin/c++
[2.339s] -- Check for working CXX compiler: /usr/bin/c++ -- works
[2.339s] -- Detecting CXX compiler ABI info
[2.339s] -- Detecting CXX compiler ABI info - done
[2.339s] -- Detecting CXX compile features
[2.340s] -- Detecting CXX compile features - done
[2.340s] -- Found ament_cmake: 0.9.9 (/opt/ros/foxy/share/ament_cmake/cmake)
[2.340s] -- Found PythonInterp: /usr/bin/python3 (found suitable version "3.8.10", minimum required is "3") 
[2.340s] -- Using PYTHON_EXECUTABLE: /usr/bin/python3
[2.342s] -- Override CMake install command with custom implementation using symlinks instead of copying resources
[2.343s] -- Found builtin_interfaces: 1.0.0 (/opt/ros/foxy/share/builtin_interfaces/cmake)
[2.344s] -- Using all available rosidl_typesupport_c: rosidl_typesupport_fastrtps_c;rosidl_typesupport_introspection_c
[2.345s] -- Found rosidl_adapter: 1.2.1 (/opt/ros/foxy/share/rosidl_adapter/cmake)
[2.345s] -- Found OpenSSL: /usr/lib/x86_64-linux-gnu/libcrypto.so (found version "1.1.1f")  
[2.345s] -- Found FastRTPS: /opt/ros/foxy/include  
[2.345s] -- Using all available rosidl_typesupport_cpp: rosidl_typesupport_fastrtps_cpp;rosidl_typesupport_introspection_cpp
[2.346s] -- Found nav_msgs: 2.0.4 (/opt/ros/foxy/share/nav_msgs/cmake)
[2.346s] -- Found action_msgs: 1.0.0 (/opt/ros/foxy/share/action_msgs/cmake)
[2.346s] -- Found rclcpp: 2.4.0 (/opt/ros/foxy/share/rclcpp/cmake)
[2.346s] -- Found rmw_implementation_cmake: 1.0.3 (/opt/ros/foxy/share/rmw_implementation_cmake/cmake)
[2.347s] -- Using RMW implementation 'rmw_fastrtps_cpp' as default
[2.347s] -- Looking for pthread.h
[2.349s] -- Looking for pthread.h - found
[2.351s] -- Performing Test CMAKE_HAVE_LIBC_PTHREAD
[2.352s] -- Performing Test CMAKE_HAVE_LIBC_PTHREAD - Failed
[2.352s] -- Looking for pthread_create in pthreads
[2.352s] -- Looking for pthread_create in pthreads - not found
[2.352s] -- Looking for pthread_create in pthread
[2.353s] -- Looking for pthread_create in pthread - found
[2.353s] -- Found Threads: TRUE  
[2.353s] -- Found rosidl_default_generators: 1.0.1 (/opt/ros/foxy/share/rosidl_default_generators/cmake)
[2.353s] -- Found ament_lint_auto: 0.9.6 (/opt/ros/foxy/share/ament_lint_auto/cmake)
[2.355s] -- Found PythonInterp: /usr/bin/python3 (found version "3.8.10") 
[2.758s] -- Found ament_cmake_ros: 0.9.2 (/opt/ros/foxy/share/ament_cmake_ros/cmake)
[3.397s] -- Using all available rosidl_typesupport_c: rosidl_typesupport_fastrtps_c;rosidl_typesupport_introspection_c
[3.620s] -- Using all available rosidl_typesupport_cpp: rosidl_typesupport_fastrtps_cpp;rosidl_typesupport_introspection_cpp
[3.683s] -- Found PythonInterp: /usr/bin/python3 (found suitable version "3.8.10", minimum required is "3.5") 
[3.685s] -- Found python_cmake_module: 0.8.1 (/opt/ros/foxy/share/python_cmake_module/cmake)
[3.741s] -- Found PythonLibs: /usr/lib/x86_64-linux-gnu/libpython3.8.so (found suitable version "3.8.10", minimum required is "3.5") 
[3.741s] -- Using PYTHON_EXECUTABLE: /usr/bin/python3
[3.741s] -- Using PYTHON_INCLUDE_DIRS: /usr/include/python3.8
[3.741s] -- Using PYTHON_LIBRARIES: /usr/lib/x86_64-linux-gnu/libpython3.8.so
[3.790s] -- Found PythonExtra: .so  
[4.002s] -- Added test 'copyright' to check source files copyright and LICENSE
[4.006s] -- Added test 'lint_cmake' to check CMake code style
[4.009s] -- Added test 'xmllint' to check XML markup files
[4.021s] -- Configuring done
[4.167s] -- Generating done
[4.170s] -- Build files have been written to: /home/johannes/TRIDENT-2021/trident_software/build/trident_msgs
[4.184s] Invoked command in '/home/johannes/TRIDENT-2021/trident_software/build/trident_msgs' returned '0': CMAKE_PREFIX_PATH=${CMAKE_PREFIX_PATH}:/home/johannes/TRIDENT-2021/trident_software/install/naiad_navigation:/home/johannes/TRIDENT-2021/trident_software/install/naiad_motor_control:/home/johannes/TRIDENT-2021/trident_software/install/naiad_mission_control:/home/johannes/TRIDENT-2021/trident_software/install/naiad_driver:/home/johannes/TRIDENT-2021/trident_software/install/naiad_bringup:/home/johannes/TRIDENT-2021/trident_software/install/athena_bringup:/home/johannes/TRIDENT-2021/trident_software/install/athena_navigation:/home/johannes/TRIDENT-2021/trident_software/install/athena_motor_control:/home/johannes/TRIDENT-2021/trident_software/install/athena_mission_control:/home/johannes/TRIDENT-2021/trident_software/install/athena_guidance_system:/home/johannes/TRIDENT-2021/trident_software/install/athena_driver:/home/johannes/TRIDENT-2021/trident_software/install/naiad_teleop:/home/johannes/TRIDENT-2021/trident_software/install/naiad_position:/home/johannes/TRIDENT-2021/trident_software/install/naiad_guidance_system:/home/johannes/TRIDENT-2021/trident_software/install/naiad:/home/johannes/TRIDENT-2021/trident_software/install/athena_teleop:/home/johannes/TRIDENT-2021/trident_software/install/athena_position:/home/johannes/TRIDENT-2021/trident_software/install/athena:/opt/ros/foxy /usr/bin/cmake /home/johannes/TRIDENT-2021/trident_software/msgs_ws/src/trident_msgs -DAMENT_CMAKE_SYMLINK_INSTALL=1 -DCMAKE_INSTALL_PREFIX=/home/johannes/TRIDENT-2021/trident_software/install/trident_msgs
[4.186s] Invoking command in '/home/johannes/TRIDENT-2021/trident_software/build/trident_msgs': CMAKE_PREFIX_PATH=${CMAKE_PREFIX_PATH}:/home/johannes/TRIDENT-2021/trident_software/install/naiad_navigation:/home/johannes/TRIDENT-2021/trident_software/install/naiad_motor_control:/home/johannes/TRIDENT-2021/trident_software/install/naiad_mission_control:/home/johannes/TRIDENT-2021/trident_software/install/naiad_driver:/home/johannes/TRIDENT-2021/trident_software/install/naiad_bringup:/home/johannes/TRIDENT-2021/trident_software/install/athena_bringup:/home/johannes/TRIDENT-2021/trident_software/install/athena_navigation:/home/johannes/TRIDENT-2021/trident_software/install/athena_motor_control:/home/johannes/TRIDENT-2021/trident_software/install/athena_mission_control:/home/johannes/TRIDENT-2021/trident_software/install/athena_guidance_system:/home/johannes/TRIDENT-2021/trident_software/install/athena_driver:/home/johannes/TRIDENT-2021/trident_software/install/naiad_teleop:/home/johannes/TRIDENT-2021/trident_software/install/naiad_position:/home/johannes/TRIDENT-2021/trident_software/install/naiad_guidance_system:/home/johannes/TRIDENT-2021/trident_software/install/naiad:/home/johannes/TRIDENT-2021/trident_software/install/athena_teleop:/home/johannes/TRIDENT-2021/trident_software/install/athena_position:/home/johannes/TRIDENT-2021/trident_software/install/athena:/opt/ros/foxy /usr/bin/cmake --build /home/johannes/TRIDENT-2021/trident_software/build/trident_msgs -- -j12 -l12
[4.250s] [  1%] [34m[1mGenerating C code for ROS interfaces[0m
[4.251s] [35m[1mScanning dependencies of target trident_msgs__cpp[0m
[4.271s] [  1%] [34m[1mGenerating C++ code for ROS interfaces[0m
[6.870s] [35m[1mScanning dependencies of target trident_msgs__rosidl_generator_c[0m
[6.895s] [  2%] [32mBuilding C object CMakeFiles/trident_msgs__rosidl_generator_c.dir/rosidl_generator_c/trident_msgs/msg/detail/waypoint_action__functions.c.o[0m
[6.895s] [  1%] [32mBuilding C object CMakeFiles/trident_msgs__rosidl_generator_c.dir/rosidl_generator_c/trident_msgs/msg/detail/waypoint__functions.c.o[0m
[6.896s] [  3%] [32mBuilding C object CMakeFiles/trident_msgs__rosidl_generator_c.dir/rosidl_generator_c/trident_msgs/msg/detail/motor_output__functions.c.o[0m
[6.896s] [  4%] [32mBuilding C object CMakeFiles/trident_msgs__rosidl_generator_c.dir/rosidl_generator_c/trident_msgs/msg/detail/mission__functions.c.o[0m
[6.902s] [  5%] [32mBuilding C object CMakeFiles/trident_msgs__rosidl_generator_c.dir/rosidl_generator_c/trident_msgs/msg/detail/state__functions.c.o[0m
[6.904s] [  5%] [32mBuilding C object CMakeFiles/trident_msgs__rosidl_generator_c.dir/rosidl_generator_c/trident_msgs/msg/detail/motor_outputs__functions.c.o[0m
[6.908s] [  5%] [32mBuilding C object CMakeFiles/trident_msgs__rosidl_generator_c.dir/rosidl_generator_c/trident_msgs/srv/detail/guidance_request__functions.c.o[0m
[6.910s] [  6%] [32mBuilding C object CMakeFiles/trident_msgs__rosidl_generator_c.dir/rosidl_generator_c/trident_msgs/srv/detail/load_mission__functions.c.o[0m
[6.941s] [  7%] [32mBuilding C object CMakeFiles/trident_msgs__rosidl_generator_c.dir/rosidl_generator_c/trident_msgs/srv/detail/get_goal_pose__functions.c.o[0m
[6.950s] [  8%] [32mBuilding C object CMakeFiles/trident_msgs__rosidl_generator_c.dir/rosidl_generator_c/trident_msgs/srv/detail/get_state__functions.c.o[0m
[6.956s] [  9%] [32mBuilding C object CMakeFiles/trident_msgs__rosidl_generator_c.dir/rosidl_generator_c/trident_msgs/action/detail/start_mission__functions.c.o[0m
[6.956s] [  9%] [32mBuilding C object CMakeFiles/trident_msgs__rosidl_generator_c.dir/rosidl_generator_c/trident_msgs/srv/detail/kalman_sensor_service__functions.c.o[0m
[6.967s] [ 10%] [32mBuilding C object CMakeFiles/trident_msgs__rosidl_generator_c.dir/rosidl_generator_c/trident_msgs/action/detail/goto_waypoint__functions.c.o[0m
[6.981s] [ 11%] [32mBuilding C object CMakeFiles/trident_msgs__rosidl_generator_c.dir/rosidl_generator_c/trident_msgs/action/detail/goto_pose__functions.c.o[0m
[6.997s] [ 11%] [32mBuilding C object CMakeFiles/trident_msgs__rosidl_generator_c.dir/rosidl_generator_c/trident_msgs/action/detail/hold_pose__functions.c.o[0m
[7.106s] [ 11%] Built target trident_msgs__cpp
[7.120s] [ 11%] [34m[1mGenerating C++ introspection for ROS interfaces[0m
[7.122s] [ 12%] [34m[1mGenerating C++ type support dispatch for ROS interfaces[0m
[7.123s] [ 13%] [34m[1mGenerating C++ type support for eProsima Fast-RTPS[0m
[7.142s] [ 14%] [32m[1mLinking C shared library libtrident_msgs__rosidl_generator_c.so[0m
[7.197s] [ 14%] Built target trident_msgs__rosidl_generator_c
[7.213s] [ 15%] [34m[1mGenerating C introspection for ROS interfaces[0m
[7.213s] [ 16%] [34m[1mGenerating C type support dispatch for ROS interfaces[0m
[8.891s] [35m[1mScanning dependencies of target trident_msgs__rosidl_typesupport_cpp[0m
[8.919s] [ 18%] [32mBuilding CXX object CMakeFiles/trident_msgs__rosidl_typesupport_cpp.dir/rosidl_typesupport_cpp/trident_msgs/msg/waypoint_action__type_support.cpp.o[0m
[8.919s] [ 18%] [32mBuilding CXX object CMakeFiles/trident_msgs__rosidl_typesupport_cpp.dir/rosidl_typesupport_cpp/trident_msgs/msg/motor_outputs__type_support.cpp.o[0m
[8.920s] [ 19%] [32mBuilding CXX object CMakeFiles/trident_msgs__rosidl_typesupport_cpp.dir/rosidl_typesupport_cpp/trident_msgs/msg/mission__type_support.cpp.o[0m
[8.920s] [ 20%] [32mBuilding CXX object CMakeFiles/trident_msgs__rosidl_typesupport_cpp.dir/rosidl_typesupport_cpp/trident_msgs/srv/guidance_request__type_support.cpp.o[0m
[8.920s] [ 18%] [32mBuilding CXX object CMakeFiles/trident_msgs__rosidl_typesupport_cpp.dir/rosidl_typesupport_cpp/trident_msgs/msg/motor_output__type_support.cpp.o[0m
[8.921s] [ 18%] [32mBuilding CXX object CMakeFiles/trident_msgs__rosidl_typesupport_cpp.dir/rosidl_typesupport_cpp/trident_msgs/msg/state__type_support.cpp.o[0m
[8.930s] [ 21%] [32mBuilding CXX object CMakeFiles/trident_msgs__rosidl_typesupport_cpp.dir/rosidl_typesupport_cpp/trident_msgs/srv/load_mission__type_support.cpp.o[0m
[8.935s] [ 22%] [32mBuilding CXX object CMakeFiles/trident_msgs__rosidl_typesupport_cpp.dir/rosidl_typesupport_cpp/trident_msgs/msg/waypoint__type_support.cpp.o[0m
[9.324s] [35m[1mScanning dependencies of target trident_msgs__rosidl_typesupport_c[0m
[9.380s] [ 22%] [32mBuilding CXX object CMakeFiles/trident_msgs__rosidl_typesupport_c.dir/rosidl_typesupport_c/trident_msgs/msg/waypoint__type_support.cpp.o[0m
[9.488s] [ 23%] [32mBuilding CXX object CMakeFiles/trident_msgs__rosidl_typesupport_c.dir/rosidl_typesupport_c/trident_msgs/msg/waypoint_action__type_support.cpp.o[0m
[9.545s] [ 23%] [32mBuilding CXX object CMakeFiles/trident_msgs__rosidl_typesupport_cpp.dir/rosidl_typesupport_cpp/trident_msgs/srv/get_goal_pose__type_support.cpp.o[0m
[9.551s] [ 24%] [32mBuilding CXX object CMakeFiles/trident_msgs__rosidl_typesupport_c.dir/rosidl_typesupport_c/trident_msgs/msg/mission__type_support.cpp.o[0m
[9.557s] [ 25%] [32mBuilding CXX object CMakeFiles/trident_msgs__rosidl_typesupport_cpp.dir/rosidl_typesupport_cpp/trident_msgs/srv/get_state__type_support.cpp.o[0m
[9.563s] [ 26%] [32mBuilding CXX object CMakeFiles/trident_msgs__rosidl_typesupport_cpp.dir/rosidl_typesupport_cpp/trident_msgs/srv/kalman_sensor_service__type_support.cpp.o[0m
[9.582s] [ 27%] [32mBuilding CXX object CMakeFiles/trident_msgs__rosidl_typesupport_cpp.dir/rosidl_typesupport_cpp/trident_msgs/action/goto_waypoint__type_support.cpp.o[0m
[9.583s] [ 27%] [32mBuilding CXX object CMakeFiles/trident_msgs__rosidl_typesupport_cpp.dir/rosidl_typesupport_cpp/trident_msgs/action/start_mission__type_support.cpp.o[0m
[9.596s] [ 27%] [32mBuilding CXX object CMakeFiles/trident_msgs__rosidl_typesupport_c.dir/rosidl_typesupport_c/trident_msgs/msg/motor_output__type_support.cpp.o[0m
[9.602s] [ 28%] [32mBuilding CXX object CMakeFiles/trident_msgs__rosidl_typesupport_c.dir/rosidl_typesupport_c/trident_msgs/msg/motor_outputs__type_support.cpp.o[0m
[9.628s] [ 29%] [32mBuilding CXX object CMakeFiles/trident_msgs__rosidl_typesupport_cpp.dir/rosidl_typesupport_cpp/trident_msgs/action/goto_pose__type_support.cpp.o[0m
[9.656s] [ 30%] [32mBuilding CXX object CMakeFiles/trident_msgs__rosidl_typesupport_c.dir/rosidl_typesupport_c/trident_msgs/msg/state__type_support.cpp.o[0m
[9.656s] [35m[1mScanning dependencies of target trident_msgs__rosidl_typesupport_introspection_cpp[0m
[9.665s] [ 31%] [32mBuilding CXX object CMakeFiles/trident_msgs__rosidl_typesupport_c.dir/rosidl_typesupport_c/trident_msgs/srv/load_mission__type_support.cpp.o[0m
[9.666s] [ 30%] [32mBuilding CXX object CMakeFiles/trident_msgs__rosidl_typesupport_c.dir/rosidl_typesupport_c/trident_msgs/srv/guidance_request__type_support.cpp.o[0m
[9.718s] [ 32%] [32mBuilding CXX object CMakeFiles/trident_msgs__rosidl_typesupport_introspection_cpp.dir/rosidl_typesupport_introspection_cpp/trident_msgs/msg/detail/waypoint__type_support.cpp.o[0m
[9.732s] [ 32%] [32mBuilding CXX object CMakeFiles/trident_msgs__rosidl_typesupport_cpp.dir/rosidl_typesupport_cpp/trident_msgs/action/hold_pose__type_support.cpp.o[0m
[9.732s] [ 33%] [32mBuilding CXX object CMakeFiles/trident_msgs__rosidl_typesupport_c.dir/rosidl_typesupport_c/trident_msgs/srv/get_goal_pose__type_support.cpp.o[0m
[9.784s] [ 34%] [32mBuilding CXX object CMakeFiles/trident_msgs__rosidl_typesupport_introspection_cpp.dir/rosidl_typesupport_introspection_cpp/trident_msgs/msg/detail/waypoint_action__type_support.cpp.o[0m
[9.802s] [ 35%] [32mBuilding CXX object CMakeFiles/trident_msgs__rosidl_typesupport_c.dir/rosidl_typesupport_c/trident_msgs/srv/get_state__type_support.cpp.o[0m
[9.865s] [ 35%] [32mBuilding CXX object CMakeFiles/trident_msgs__rosidl_typesupport_c.dir/rosidl_typesupport_c/trident_msgs/srv/kalman_sensor_service__type_support.cpp.o[0m
[10.000s] [ 36%] [32mBuilding CXX object CMakeFiles/trident_msgs__rosidl_typesupport_c.dir/rosidl_typesupport_c/trident_msgs/action/start_mission__type_support.cpp.o[0m
[10.144s] [ 37%] [32mBuilding CXX object CMakeFiles/trident_msgs__rosidl_typesupport_c.dir/rosidl_typesupport_c/trident_msgs/action/goto_waypoint__type_support.cpp.o[0m
[10.185s] [ 37%] [32mBuilding CXX object CMakeFiles/trident_msgs__rosidl_typesupport_c.dir/rosidl_typesupport_c/trident_msgs/action/goto_pose__type_support.cpp.o[0m
[10.220s] [35m[1mScanning dependencies of target trident_msgs__rosidl_typesupport_introspection_c[0m
[10.223s] [ 37%] [32mBuilding CXX object CMakeFiles/trident_msgs__rosidl_typesupport_introspection_cpp.dir/rosidl_typesupport_introspection_cpp/trident_msgs/msg/detail/mission__type_support.cpp.o[0m
[10.244s] [ 38%] [32mBuilding CXX object CMakeFiles/trident_msgs__rosidl_typesupport_c.dir/rosidl_typesupport_c/trident_msgs/action/hold_pose__type_support.cpp.o[0m
[10.265s] [ 39%] [32mBuilding C object CMakeFiles/trident_msgs__rosidl_typesupport_introspection_c.dir/rosidl_typesupport_introspection_c/trident_msgs/msg/detail/waypoint__type_support.c.o[0m
[10.277s] [ 40%] [32mBuilding CXX object CMakeFiles/trident_msgs__rosidl_typesupport_introspection_cpp.dir/rosidl_typesupport_introspection_cpp/trident_msgs/msg/detail/motor_output__type_support.cpp.o[0m
[10.296s] [ 40%] [32mBuilding C object CMakeFiles/trident_msgs__rosidl_typesupport_introspection_c.dir/rosidl_typesupport_introspection_c/trident_msgs/msg/detail/waypoint_action__type_support.c.o[0m
[10.314s] [ 41%] [32mBuilding C object CMakeFiles/trident_msgs__rosidl_typesupport_introspection_c.dir/rosidl_typesupport_introspection_c/trident_msgs/msg/detail/mission__type_support.c.o[0m
[10.334s] [ 42%] [32mBuilding C object CMakeFiles/trident_msgs__rosidl_typesupport_introspection_c.dir/rosidl_typesupport_introspection_c/trident_msgs/msg/detail/motor_output__type_support.c.o[0m
[10.346s] [ 43%] [32mBuilding CXX object CMakeFiles/trident_msgs__rosidl_typesupport_introspection_cpp.dir/rosidl_typesupport_introspection_cpp/trident_msgs/msg/detail/motor_outputs__type_support.cpp.o[0m
[10.350s] [ 44%] [32m[1mLinking CXX shared library libtrident_msgs__rosidl_typesupport_c.so[0m
[10.350s] [ 45%] [32mBuilding CXX object CMakeFiles/trident_msgs__rosidl_typesupport_introspection_cpp.dir/rosidl_typesupport_introspection_cpp/trident_msgs/msg/detail/state__type_support.cpp.o[0m
[10.358s] [ 46%] [32mBuilding C object CMakeFiles/trident_msgs__rosidl_typesupport_introspection_c.dir/rosidl_typesupport_introspection_c/trident_msgs/msg/detail/motor_outputs__type_support.c.o[0m
[10.363s] [ 46%] [32mBuilding C object CMakeFiles/trident_msgs__rosidl_typesupport_introspection_c.dir/rosidl_typesupport_introspection_c/trident_msgs/msg/detail/state__type_support.c.o[0m
[10.390s] [ 47%] [32mBuilding C object CMakeFiles/trident_msgs__rosidl_typesupport_introspection_c.dir/rosidl_typesupport_introspection_c/trident_msgs/srv/detail/load_mission__type_support.c.o[0m
[10.429s] [ 47%] Built target trident_msgs__rosidl_typesupport_c
[10.443s] [ 48%] [32mBuilding C object CMakeFiles/trident_msgs__rosidl_typesupport_introspection_c.dir/rosidl_typesupport_introspection_c/trident_msgs/srv/detail/guidance_request__type_support.c.o[0m
[10.448s] [ 49%] [32m[1mLinking CXX shared library libtrident_msgs__rosidl_typesupport_cpp.so[0m
[10.454s] [ 49%] [32mBuilding C object CMakeFiles/trident_msgs__rosidl_typesupport_introspection_c.dir/rosidl_typesupport_introspection_c/trident_msgs/srv/detail/get_goal_pose__type_support.c.o[0m
[10.459s] [ 50%] [32mBuilding C object CMakeFiles/trident_msgs__rosidl_typesupport_introspection_c.dir/rosidl_typesupport_introspection_c/trident_msgs/srv/detail/get_state__type_support.c.o[0m
[10.475s] [ 50%] [32mBuilding CXX object CMakeFiles/trident_msgs__rosidl_typesupport_introspection_cpp.dir/rosidl_typesupport_introspection_cpp/trident_msgs/srv/detail/load_mission__type_support.cpp.o[0m
[10.476s] [ 51%] [32mBuilding C object CMakeFiles/trident_msgs__rosidl_typesupport_introspection_c.dir/rosidl_typesupport_introspection_c/trident_msgs/srv/detail/kalman_sensor_service__type_support.c.o[0m
[10.476s] [ 52%] [32mBuilding CXX object CMakeFiles/trident_msgs__rosidl_typesupport_introspection_cpp.dir/rosidl_typesupport_introspection_cpp/trident_msgs/srv/detail/guidance_request__type_support.cpp.o[0m
[10.535s] [ 52%] [32mBuilding C object CMakeFiles/trident_msgs__rosidl_typesupport_introspection_c.dir/rosidl_typesupport_introspection_c/trident_msgs/action/detail/start_mission__type_support.c.o[0m
[10.537s] [ 53%] [32mBuilding C object CMakeFiles/trident_msgs__rosidl_typesupport_introspection_c.dir/rosidl_typesupport_introspection_c/trident_msgs/action/detail/goto_waypoint__type_support.c.o[0m
[10.557s] [ 54%] [32mBuilding C object CMakeFiles/trident_msgs__rosidl_typesupport_introspection_c.dir/rosidl_typesupport_introspection_c/trident_msgs/action/detail/goto_pose__type_support.c.o[0m
[10.568s] [ 55%] [32mBuilding CXX object CMakeFiles/trident_msgs__rosidl_typesupport_introspection_cpp.dir/rosidl_typesupport_introspection_cpp/trident_msgs/srv/detail/get_goal_pose__type_support.cpp.o[0m
[10.578s] [ 55%] Built target trident_msgs__rosidl_typesupport_cpp
[10.589s] [35m[1mScanning dependencies of target trident_msgs__rosidl_typesupport_fastrtps_cpp[0m
[10.619s] [ 55%] [32mBuilding CXX object CMakeFiles/trident_msgs__rosidl_typesupport_introspection_cpp.dir/rosidl_typesupport_introspection_cpp/trident_msgs/srv/detail/get_state__type_support.cpp.o[0m
[10.624s] [ 56%] [32mBuilding C object CMakeFiles/trident_msgs__rosidl_typesupport_introspection_c.dir/rosidl_typesupport_introspection_c/trident_msgs/action/detail/hold_pose__type_support.c.o[0m
[10.628s] [ 57%] [32mBuilding CXX object CMakeFiles/trident_msgs__rosidl_typesupport_introspection_cpp.dir/rosidl_typesupport_introspection_cpp/trident_msgs/srv/detail/kalman_sensor_service__type_support.cpp.o[0m
[10.669s] [ 58%] [32mBuilding CXX object CMakeFiles/trident_msgs__rosidl_typesupport_fastrtps_cpp.dir/rosidl_typesupport_fastrtps_cpp/trident_msgs/msg/detail/dds_fastrtps/waypoint__type_support.cpp.o[0m
[10.716s] [ 59%] [32mBuilding CXX object CMakeFiles/trident_msgs__rosidl_typesupport_introspection_cpp.dir/rosidl_typesupport_introspection_cpp/trident_msgs/action/detail/start_mission__type_support.cpp.o[0m
[10.780s] [ 59%] [32m[1mLinking C shared library libtrident_msgs__rosidl_typesupport_introspection_c.so[0m
[10.906s] [ 59%] Built target trident_msgs__rosidl_typesupport_introspection_c
[10.941s] [ 59%] [32mBuilding CXX object CMakeFiles/trident_msgs__rosidl_typesupport_introspection_cpp.dir/rosidl_typesupport_introspection_cpp/trident_msgs/action/detail/goto_waypoint__type_support.cpp.o[0m
[10.951s] [ 60%] [32mBuilding CXX object CMakeFiles/trident_msgs__rosidl_typesupport_fastrtps_cpp.dir/rosidl_typesupport_fastrtps_cpp/trident_msgs/msg/detail/dds_fastrtps/waypoint_action__type_support.cpp.o[0m
[10.975s] [ 61%] [32mBuilding CXX object CMakeFiles/trident_msgs__rosidl_typesupport_introspection_cpp.dir/rosidl_typesupport_introspection_cpp/trident_msgs/action/detail/goto_pose__type_support.cpp.o[0m
[11.000s] [ 62%] [32mBuilding CXX object CMakeFiles/trident_msgs__rosidl_typesupport_introspection_cpp.dir/rosidl_typesupport_introspection_cpp/trident_msgs/action/detail/hold_pose__type_support.cpp.o[0m
[11.060s] [ 62%] [32mBuilding CXX object CMakeFiles/trident_msgs__rosidl_typesupport_fastrtps_cpp.dir/rosidl_typesupport_fastrtps_cpp/trident_msgs/msg/detail/dds_fastrtps/mission__type_support.cpp.o[0m
[11.154s] [ 63%] [32mBuilding CXX object CMakeFiles/trident_msgs__rosidl_typesupport_fastrtps_cpp.dir/rosidl_typesupport_fastrtps_cpp/trident_msgs/msg/detail/dds_fastrtps/motor_output__type_support.cpp.o[0m
[11.158s] [ 64%] [32mBuilding CXX object CMakeFiles/trident_msgs__rosidl_typesupport_fastrtps_cpp.dir/rosidl_typesupport_fastrtps_cpp/trident_msgs/msg/detail/dds_fastrtps/motor_outputs__type_support.cpp.o[0m
[11.247s] [ 64%] [32mBuilding CXX object CMakeFiles/trident_msgs__rosidl_typesupport_fastrtps_cpp.dir/rosidl_typesupport_fastrtps_cpp/trident_msgs/msg/detail/dds_fastrtps/state__type_support.cpp.o[0m
[11.265s] [ 65%] [32mBuilding CXX object CMakeFiles/trident_msgs__rosidl_typesupport_fastrtps_cpp.dir/rosidl_typesupport_fastrtps_cpp/trident_msgs/srv/detail/dds_fastrtps/load_mission__type_support.cpp.o[0m
[11.334s] [ 66%] [32mBuilding CXX object CMakeFiles/trident_msgs__rosidl_typesupport_fastrtps_cpp.dir/rosidl_typesupport_fastrtps_cpp/trident_msgs/srv/detail/dds_fastrtps/guidance_request__type_support.cpp.o[0m
[11.524s] [ 66%] [32mBuilding CXX object CMakeFiles/trident_msgs__rosidl_typesupport_fastrtps_cpp.dir/rosidl_typesupport_fastrtps_cpp/trident_msgs/srv/detail/dds_fastrtps/get_goal_pose__type_support.cpp.o[0m
[11.534s] [ 67%] [32mBuilding CXX object CMakeFiles/trident_msgs__rosidl_typesupport_fastrtps_cpp.dir/rosidl_typesupport_fastrtps_cpp/trident_msgs/srv/detail/dds_fastrtps/get_state__type_support.cpp.o[0m
[11.670s] [ 68%] [32mBuilding CXX object CMakeFiles/trident_msgs__rosidl_typesupport_fastrtps_cpp.dir/rosidl_typesupport_fastrtps_cpp/trident_msgs/srv/detail/dds_fastrtps/kalman_sensor_service__type_support.cpp.o[0m
[11.693s] [ 69%] [32mBuilding CXX object CMakeFiles/trident_msgs__rosidl_typesupport_fastrtps_cpp.dir/rosidl_typesupport_fastrtps_cpp/trident_msgs/action/detail/dds_fastrtps/start_mission__type_support.cpp.o[0m
[11.765s] [ 70%] [32m[1mLinking CXX shared library libtrident_msgs__rosidl_typesupport_introspection_cpp.so[0m
[11.803s] [ 70%] [32mBuilding CXX object CMakeFiles/trident_msgs__rosidl_typesupport_fastrtps_cpp.dir/rosidl_typesupport_fastrtps_cpp/trident_msgs/action/detail/dds_fastrtps/goto_waypoint__type_support.cpp.o[0m
[11.931s] [ 70%] Built target trident_msgs__rosidl_typesupport_introspection_cpp
[11.947s] [ 71%] [32mBuilding CXX object CMakeFiles/trident_msgs__rosidl_typesupport_fastrtps_cpp.dir/rosidl_typesupport_fastrtps_cpp/trident_msgs/action/detail/dds_fastrtps/goto_pose__type_support.cpp.o[0m
[12.031s] [ 72%] [32mBuilding CXX object CMakeFiles/trident_msgs__rosidl_typesupport_fastrtps_cpp.dir/rosidl_typesupport_fastrtps_cpp/trident_msgs/action/detail/dds_fastrtps/hold_pose__type_support.cpp.o[0m
[12.746s] [ 72%] [32m[1mLinking CXX shared library libtrident_msgs__rosidl_typesupport_fastrtps_cpp.so[0m
[12.856s] [ 72%] Built target trident_msgs__rosidl_typesupport_fastrtps_cpp
[12.869s] [ 73%] [34m[1mGenerating C type support for eProsima Fast-RTPS[0m
[14.980s] [35m[1mScanning dependencies of target trident_msgs__rosidl_typesupport_fastrtps_c[0m
[15.038s] [ 77%] [32mBuilding CXX object CMakeFiles/trident_msgs__rosidl_typesupport_fastrtps_c.dir/rosidl_typesupport_fastrtps_c/trident_msgs/msg/detail/waypoint__type_support_c.cpp.o[0m
[15.038s] [ 77%] [32mBuilding CXX object CMakeFiles/trident_msgs__rosidl_typesupport_fastrtps_c.dir/rosidl_typesupport_fastrtps_c/trident_msgs/msg/detail/motor_output__type_support_c.cpp.o[0m
[15.039s] [ 77%] [32mBuilding CXX object CMakeFiles/trident_msgs__rosidl_typesupport_fastrtps_c.dir/rosidl_typesupport_fastrtps_c/trident_msgs/msg/detail/waypoint_action__type_support_c.cpp.o[0m
[15.039s] [ 77%] [32mBuilding CXX object CMakeFiles/trident_msgs__rosidl_typesupport_fastrtps_c.dir/rosidl_typesupport_fastrtps_c/trident_msgs/msg/detail/motor_outputs__type_support_c.cpp.o[0m
[15.040s] [ 78%] [32mBuilding CXX object CMakeFiles/trident_msgs__rosidl_typesupport_fastrtps_c.dir/rosidl_typesupport_fastrtps_c/trident_msgs/srv/detail/load_mission__type_support_c.cpp.o[0m
[15.040s] [ 77%] [32mBuilding CXX object CMakeFiles/trident_msgs__rosidl_typesupport_fastrtps_c.dir/rosidl_typesupport_fastrtps_c/trident_msgs/msg/detail/mission__type_support_c.cpp.o[0m
[15.040s] [ 78%] [32mBuilding CXX object CMakeFiles/trident_msgs__rosidl_typesupport_fastrtps_c.dir/rosidl_typesupport_fastrtps_c/trident_msgs/srv/detail/guidance_request__type_support_c.cpp.o[0m
[15.040s] [ 77%] [32mBuilding CXX object CMakeFiles/trident_msgs__rosidl_typesupport_fastrtps_c.dir/rosidl_typesupport_fastrtps_c/trident_msgs/msg/detail/state__type_support_c.cpp.o[0m
[15.040s] [ 79%] [32mBuilding CXX object CMakeFiles/trident_msgs__rosidl_typesupport_fastrtps_c.dir/rosidl_typesupport_fastrtps_c/trident_msgs/srv/detail/get_goal_pose__type_support_c.cpp.o[0m
[15.041s] [ 81%] [32mBuilding CXX object CMakeFiles/trident_msgs__rosidl_typesupport_fastrtps_c.dir/rosidl_typesupport_fastrtps_c/trident_msgs/srv/detail/get_state__type_support_c.cpp.o[0m
[15.041s] [ 81%] [32mBuilding CXX object CMakeFiles/trident_msgs__rosidl_typesupport_fastrtps_c.dir/rosidl_typesupport_fastrtps_c/trident_msgs/srv/detail/kalman_sensor_service__type_support_c.cpp.o[0m
[15.041s] [ 81%] [32mBuilding CXX object CMakeFiles/trident_msgs__rosidl_typesupport_fastrtps_c.dir/rosidl_typesupport_fastrtps_c/trident_msgs/action/detail/start_mission__type_support_c.cpp.o[0m
[15.760s] [ 82%] [32mBuilding CXX object CMakeFiles/trident_msgs__rosidl_typesupport_fastrtps_c.dir/rosidl_typesupport_fastrtps_c/trident_msgs/action/detail/goto_pose__type_support_c.cpp.o[0m
[15.760s] [ 83%] [32mBuilding CXX object CMakeFiles/trident_msgs__rosidl_typesupport_fastrtps_c.dir/rosidl_typesupport_fastrtps_c/trident_msgs/action/detail/goto_waypoint__type_support_c.cpp.o[0m
[15.771s] [ 83%] [32mBuilding CXX object CMakeFiles/trident_msgs__rosidl_typesupport_fastrtps_c.dir/rosidl_typesupport_fastrtps_c/trident_msgs/action/detail/hold_pose__type_support_c.cpp.o[0m
[16.272s] [ 84%] [32m[1mLinking CXX shared library libtrident_msgs__rosidl_typesupport_fastrtps_c.so[0m
[16.372s] [ 84%] Built target trident_msgs__rosidl_typesupport_fastrtps_c
[16.382s] [35m[1mScanning dependencies of target trident_msgs[0m
[16.398s] [ 84%] Built target trident_msgs
[16.416s] [35m[1mScanning dependencies of target trident_msgs__py[0m
[16.432s] [ 85%] [34m[1mGenerating Python code for ROS interfaces[0m
[21.615s] [ 85%] Built target trident_msgs__py
[21.625s] [35m[1mScanning dependencies of target trident_msgs__python[0m
[21.680s] [ 85%] [32mBuilding C object CMakeFiles/trident_msgs__python.dir/rosidl_generator_py/trident_msgs/msg/_waypoint_action_s.c.o[0m
[21.681s] [ 87%] [32mBuilding C object CMakeFiles/trident_msgs__python.dir/rosidl_generator_py/trident_msgs/msg/_waypoint_s.c.o[0m
[21.681s] [ 87%] [32mBuilding C object CMakeFiles/trident_msgs__python.dir/rosidl_generator_py/trident_msgs/msg/_mission_s.c.o[0m
[21.681s] [ 87%] [32mBuilding C object CMakeFiles/trident_msgs__python.dir/rosidl_generator_py/trident_msgs/msg/_motor_outputs_s.c.o[0m
[21.681s] [ 88%] [32mBuilding C object CMakeFiles/trident_msgs__python.dir/rosidl_generator_py/trident_msgs/msg/_motor_output_s.c.o[0m
[21.682s] [ 89%] [32mBuilding C object CMakeFiles/trident_msgs__python.dir/rosidl_generator_py/trident_msgs/msg/_state_s.c.o[0m
[21.682s] [ 90%] [32mBuilding C object CMakeFiles/trident_msgs__python.dir/rosidl_generator_py/trident_msgs/srv/_load_mission_s.c.o[0m
[21.682s] [ 90%] [32mBuilding C object CMakeFiles/trident_msgs__python.dir/rosidl_generator_py/trident_msgs/srv/_guidance_request_s.c.o[0m
[21.683s] [ 91%] [32mBuilding C object CMakeFiles/trident_msgs__python.dir/rosidl_generator_py/trident_msgs/srv/_get_goal_pose_s.c.o[0m
[21.683s] [ 92%] [32mBuilding C object CMakeFiles/trident_msgs__python.dir/rosidl_generator_py/trident_msgs/srv/_get_state_s.c.o[0m
[21.683s] [ 93%] [32mBuilding C object CMakeFiles/trident_msgs__python.dir/rosidl_generator_py/trident_msgs/srv/_kalman_sensor_service_s.c.o[0m
[21.694s] [ 93%] [32mBuilding C object CMakeFiles/trident_msgs__python.dir/rosidl_generator_py/trident_msgs/action/_start_mission_s.c.o[0m
[21.844s] [ 94%] [32mBuilding C object CMakeFiles/trident_msgs__python.dir/rosidl_generator_py/trident_msgs/action/_goto_waypoint_s.c.o[0m
[21.850s] [ 95%] [32mBuilding C object CMakeFiles/trident_msgs__python.dir/rosidl_generator_py/trident_msgs/action/_goto_pose_s.c.o[0m
[21.853s] [ 95%] [32mBuilding C object CMakeFiles/trident_msgs__python.dir/rosidl_generator_py/trident_msgs/action/_hold_pose_s.c.o[0m
[22.036s] [ 96%] [32m[1mLinking C shared library rosidl_generator_py/trident_msgs/libtrident_msgs__python.so[0m
[22.102s] [ 96%] Built target trident_msgs__python
[22.113s] [35m[1mScanning dependencies of target trident_msgs__rosidl_typesupport_introspection_c__pyext[0m
[22.113s] [35m[1mScanning dependencies of target trident_msgs__rosidl_typesupport_c__pyext[0m
[22.113s] [35m[1mScanning dependencies of target trident_msgs__rosidl_typesupport_fastrtps_c__pyext[0m
[22.136s] [ 98%] [32mBuilding C object CMakeFiles/trident_msgs__rosidl_typesupport_introspection_c__pyext.dir/rosidl_generator_py/trident_msgs/_trident_msgs_s.ep.rosidl_typesupport_introspection_c.c.o[0m
[22.136s] [ 98%] [32mBuilding C object CMakeFiles/trident_msgs__rosidl_typesupport_c__pyext.dir/rosidl_generator_py/trident_msgs/_trident_msgs_s.ep.rosidl_typesupport_c.c.o[0m
[22.139s] [ 99%] [32mBuilding C object CMakeFiles/trident_msgs__rosidl_typesupport_fastrtps_c__pyext.dir/rosidl_generator_py/trident_msgs/_trident_msgs_s.ep.rosidl_typesupport_fastrtps_c.c.o[0m
[22.396s] [100%] [32m[1mLinking C shared library rosidl_generator_py/trident_msgs/trident_msgs_s__rosidl_typesupport_c.cpython-38-x86_64-linux-gnu.so[0m
[22.396s] [100%] [32m[1mLinking C shared library rosidl_generator_py/trident_msgs/trident_msgs_s__rosidl_typesupport_introspection_c.cpython-38-x86_64-linux-gnu.so[0m
[22.428s] [100%] [32m[1mLinking CXX shared library rosidl_generator_py/trident_msgs/trident_msgs_s__rosidl_typesupport_fastrtps_c.cpython-38-x86_64-linux-gnu.so[0m
[22.446s] [100%] Built target trident_msgs__rosidl_typesupport_c__pyext
[22.446s] [100%] Built target trident_msgs__rosidl_typesupport_introspection_c__pyext
[22.509s] [100%] Built target trident_msgs__rosidl_typesupport_fastrtps_c__pyext
[22.522s] Invoked command in '/home/johannes/TRIDENT-2021/trident_software/build/trident_msgs' returned '0': CMAKE_PREFIX_PATH=${CMAKE_PREFIX_PATH}:/home/johannes/TRIDENT-2021/trident_software/install/naiad_navigation:/home/johannes/TRIDENT-2021/trident_software/install/naiad_motor_control:/home/johannes/TRIDENT-2021/trident_software/install/naiad_mission_control:/home/johannes/TRIDENT-2021/trident_software/install/naiad_driver:/home/johannes/TRIDENT-2021/trident_software/install/naiad_bringup:/home/johannes/TRIDENT-2021/trident_software/install/athena_bringup:/home/johannes/TRIDENT-2021/trident_software/install/athena_navigation:/home/johannes/TRIDENT-2021/trident_software/install/athena_motor_control:/home/johannes/TRIDENT-2021/trident_software/install/athena_mission_control:/home/johannes/TRIDENT-2021/trident_software/install/athena_guidance_system:/home/johannes/TRIDENT-2021/trident_software/install/athena_driver:/home/johannes/TRIDENT-2021/trident_software/install/naiad_teleop:/home/johannes/TRIDENT-2021/trident_software/install/naiad_position:/home/johannes/TRIDENT-2021/trident_software/install/naiad_guidance_system:/home/johannes/TRIDENT-2021/trident_software/install/naiad:/home/johannes/TRIDENT-2021/trident_software/install/athena_teleop:/home/johannes/TRIDENT-2021/trident_software/install/athena_position:/home/johannes/TRIDENT-2021/trident_software/install/athena:/opt/ros/foxy /usr/bin/cmake --build /home/johannes/TRIDENT-2021/trident_software/build/trident_msgs -- -j12 -l12
[22.740s] Invoking command in '/home/johannes/TRIDENT-2021/trident_software/build/trident_msgs': CMAKE_PREFIX_PATH=${CMAKE_PREFIX_PATH}:/home/johannes/TRIDENT-2021/trident_software/install/naiad_navigation:/home/johannes/TRIDENT-2021/trident_software/install/naiad_motor_control:/home/johannes/TRIDENT-2021/trident_software/install/naiad_mission_control:/home/johannes/TRIDENT-2021/trident_software/install/naiad_driver:/home/johannes/TRIDENT-2021/trident_software/install/naiad_bringup:/home/johannes/TRIDENT-2021/trident_software/install/athena_bringup:/home/johannes/TRIDENT-2021/trident_software/install/athena_navigation:/home/johannes/TRIDENT-2021/trident_software/install/athena_motor_control:/home/johannes/TRIDENT-2021/trident_software/install/athena_mission_control:/home/johannes/TRIDENT-2021/trident_software/install/athena_guidance_system:/home/johannes/TRIDENT-2021/trident_software/install/athena_driver:/home/johannes/TRIDENT-2021/trident_software/install/naiad_teleop:/home/johannes/TRIDENT-2021/trident_software/install/naiad_position:/home/johannes/TRIDENT-2021/trident_software/install/naiad_guidance_system:/home/johannes/TRIDENT-2021/trident_software/install/naiad:/home/johannes/TRIDENT-2021/trident_software/install/athena_teleop:/home/johannes/TRIDENT-2021/trident_software/install/athena_position:/home/johannes/TRIDENT-2021/trident_software/install/athena:/opt/ros/foxy /usr/bin/cmake --install /home/johannes/TRIDENT-2021/trident_software/build/trident_msgs
[22.750s] -- Install configuration: ""
[22.751s] -- Execute custom install script
[22.751s] -- Symlinking: /home/johannes/TRIDENT-2021/trident_software/install/trident_msgs/share/ament_index/resource_index/rosidl_interfaces/trident_msgs
[22.762s] -- Symlinking: /home/johannes/TRIDENT-2021/trident_software/install/trident_msgs/include/trident_msgs/action/detail/goto_pose__functions.h
[22.773s] -- Symlinking: /home/johannes/TRIDENT-2021/trident_software/install/trident_msgs/include/trident_msgs/action/detail/goto_pose__struct.h
[22.783s] -- Symlinking: /home/johannes/TRIDENT-2021/trident_software/install/trident_msgs/include/trident_msgs/action/detail/goto_pose__type_support.h
[22.793s] -- Symlinking: /home/johannes/TRIDENT-2021/trident_software/install/trident_msgs/include/trident_msgs/action/detail/goto_waypoint__functions.h
[22.803s] -- Symlinking: /home/johannes/TRIDENT-2021/trident_software/install/trident_msgs/include/trident_msgs/action/detail/goto_waypoint__struct.h
[22.812s] -- Symlinking: /home/johannes/TRIDENT-2021/trident_software/install/trident_msgs/include/trident_msgs/action/detail/goto_waypoint__type_support.h
[22.822s] -- Symlinking: /home/johannes/TRIDENT-2021/trident_software/install/trident_msgs/include/trident_msgs/action/detail/hold_pose__functions.h
[22.833s] -- Symlinking: /home/johannes/TRIDENT-2021/trident_software/install/trident_msgs/include/trident_msgs/action/detail/hold_pose__struct.h
[22.843s] -- Symlinking: /home/johannes/TRIDENT-2021/trident_software/install/trident_msgs/include/trident_msgs/action/detail/hold_pose__type_support.h
[22.854s] -- Symlinking: /home/johannes/TRIDENT-2021/trident_software/install/trident_msgs/include/trident_msgs/action/detail/start_mission__functions.h
[22.865s] -- Symlinking: /home/johannes/TRIDENT-2021/trident_software/install/trident_msgs/include/trident_msgs/action/detail/start_mission__struct.h
[22.878s] -- Symlinking: /home/johannes/TRIDENT-2021/trident_software/install/trident_msgs/include/trident_msgs/action/detail/start_mission__type_support.h
[22.888s] -- Symlinking: /home/johannes/TRIDENT-2021/trident_software/install/trident_msgs/include/trident_msgs/action/goto_pose.h
[22.898s] -- Symlinking: /home/johannes/TRIDENT-2021/trident_software/install/trident_msgs/include/trident_msgs/action/goto_waypoint.h
[22.907s] -- Symlinking: /home/johannes/TRIDENT-2021/trident_software/install/trident_msgs/include/trident_msgs/action/hold_pose.h
[22.918s] -- Symlinking: /home/johannes/TRIDENT-2021/trident_software/install/trident_msgs/include/trident_msgs/action/start_mission.h
[22.927s] -- Symlinking: /home/johannes/TRIDENT-2021/trident_software/install/trident_msgs/include/trident_msgs/msg/detail/mission__functions.h
[22.937s] -- Symlinking: /home/johannes/TRIDENT-2021/trident_software/install/trident_msgs/include/trident_msgs/msg/detail/mission__struct.h
[22.946s] -- Symlinking: /home/johannes/TRIDENT-2021/trident_software/install/trident_msgs/include/trident_msgs/msg/detail/mission__type_support.h
[22.956s] -- Symlinking: /home/johannes/TRIDENT-2021/trident_software/install/trident_msgs/include/trident_msgs/msg/detail/motor_output__functions.h
[22.966s] -- Symlinking: /home/johannes/TRIDENT-2021/trident_software/install/trident_msgs/include/trident_msgs/msg/detail/motor_output__struct.h
[22.976s] -- Symlinking: /home/johannes/TRIDENT-2021/trident_software/install/trident_msgs/include/trident_msgs/msg/detail/motor_output__type_support.h
[22.986s] -- Symlinking: /home/johannes/TRIDENT-2021/trident_software/install/trident_msgs/include/trident_msgs/msg/detail/motor_outputs__functions.h
[22.996s] -- Symlinking: /home/johannes/TRIDENT-2021/trident_software/install/trident_msgs/include/trident_msgs/msg/detail/motor_outputs__struct.h
[23.006s] -- Symlinking: /home/johannes/TRIDENT-2021/trident_software/install/trident_msgs/include/trident_msgs/msg/detail/motor_outputs__type_support.h
[23.015s] -- Symlinking: /home/johannes/TRIDENT-2021/trident_software/install/trident_msgs/include/trident_msgs/msg/detail/state__functions.h
[23.023s] -- Symlinking: /home/johannes/TRIDENT-2021/trident_software/install/trident_msgs/include/trident_msgs/msg/detail/state__struct.h
[23.032s] -- Symlinking: /home/johannes/TRIDENT-2021/trident_software/install/trident_msgs/include/trident_msgs/msg/detail/state__type_support.h
[23.042s] -- Symlinking: /home/johannes/TRIDENT-2021/trident_software/install/trident_msgs/include/trident_msgs/msg/detail/waypoint__functions.h
[23.051s] -- Symlinking: /home/johannes/TRIDENT-2021/trident_software/install/trident_msgs/include/trident_msgs/msg/detail/waypoint__struct.h
[23.060s] -- Symlinking: /home/johannes/TRIDENT-2021/trident_software/install/trident_msgs/include/trident_msgs/msg/detail/waypoint__type_support.h
[23.069s] -- Symlinking: /home/johannes/TRIDENT-2021/trident_software/install/trident_msgs/include/trident_msgs/msg/detail/waypoint_action__functions.h
[23.078s] -- Symlinking: /home/johannes/TRIDENT-2021/trident_software/install/trident_msgs/include/trident_msgs/msg/detail/waypoint_action__struct.h
[23.087s] -- Symlinking: /home/johannes/TRIDENT-2021/trident_software/install/trident_msgs/include/trident_msgs/msg/detail/waypoint_action__type_support.h
[23.096s] -- Symlinking: /home/johannes/TRIDENT-2021/trident_software/install/trident_msgs/include/trident_msgs/msg/mission.h
[23.105s] -- Symlinking: /home/johannes/TRIDENT-2021/trident_software/install/trident_msgs/include/trident_msgs/msg/motor_output.h
[23.114s] -- Symlinking: /home/johannes/TRIDENT-2021/trident_software/install/trident_msgs/include/trident_msgs/msg/motor_outputs.h
[23.123s] -- Symlinking: /home/johannes/TRIDENT-2021/trident_software/install/trident_msgs/include/trident_msgs/msg/rosidl_generator_c__visibility_control.h
[23.133s] -- Symlinking: /home/johannes/TRIDENT-2021/trident_software/install/trident_msgs/include/trident_msgs/msg/state.h
[23.142s] -- Symlinking: /home/johannes/TRIDENT-2021/trident_software/install/trident_msgs/include/trident_msgs/msg/waypoint.h
[23.152s] -- Symlinking: /home/johannes/TRIDENT-2021/trident_software/install/trident_msgs/include/trident_msgs/msg/waypoint_action.h
[23.161s] -- Symlinking: /home/johannes/TRIDENT-2021/trident_software/install/trident_msgs/include/trident_msgs/srv/detail/get_goal_pose__functions.h
[23.171s] -- Symlinking: /home/johannes/TRIDENT-2021/trident_software/install/trident_msgs/include/trident_msgs/srv/detail/get_goal_pose__struct.h
[23.180s] -- Symlinking: /home/johannes/TRIDENT-2021/trident_software/install/trident_msgs/include/trident_msgs/srv/detail/get_goal_pose__type_support.h
[23.190s] -- Symlinking: /home/johannes/TRIDENT-2021/trident_software/install/trident_msgs/include/trident_msgs/srv/detail/get_state__functions.h
[23.200s] -- Symlinking: /home/johannes/TRIDENT-2021/trident_software/install/trident_msgs/include/trident_msgs/srv/detail/get_state__struct.h
[23.210s] -- Symlinking: /home/johannes/TRIDENT-2021/trident_software/install/trident_msgs/include/trident_msgs/srv/detail/get_state__type_support.h
[23.220s] -- Symlinking: /home/johannes/TRIDENT-2021/trident_software/install/trident_msgs/include/trident_msgs/srv/detail/guidance_request__functions.h
[23.230s] -- Symlinking: /home/johannes/TRIDENT-2021/trident_software/install/trident_msgs/include/trident_msgs/srv/detail/guidance_request__struct.h
[23.239s] -- Symlinking: /home/johannes/TRIDENT-2021/trident_software/install/trident_msgs/include/trident_msgs/srv/detail/guidance_request__type_support.h
[23.249s] -- Symlinking: /home/johannes/TRIDENT-2021/trident_software/install/trident_msgs/include/trident_msgs/srv/detail/kalman_sensor_service__functions.h
[23.259s] -- Symlinking: /home/johannes/TRIDENT-2021/trident_software/install/trident_msgs/include/trident_msgs/srv/detail/kalman_sensor_service__struct.h
[23.269s] -- Symlinking: /home/johannes/TRIDENT-2021/trident_software/install/trident_msgs/include/trident_msgs/srv/detail/kalman_sensor_service__type_support.h
[23.278s] -- Symlinking: /home/johannes/TRIDENT-2021/trident_software/install/trident_msgs/include/trident_msgs/srv/detail/load_mission__functions.h
[23.288s] -- Symlinking: /home/johannes/TRIDENT-2021/trident_software/install/trident_msgs/include/trident_msgs/srv/detail/load_mission__struct.h
[23.298s] -- Symlinking: /home/johannes/TRIDENT-2021/trident_software/install/trident_msgs/include/trident_msgs/srv/detail/load_mission__type_support.h
[23.308s] -- Symlinking: /home/johannes/TRIDENT-2021/trident_software/install/trident_msgs/include/trident_msgs/srv/get_goal_pose.h
[23.318s] -- Symlinking: /home/johannes/TRIDENT-2021/trident_software/install/trident_msgs/include/trident_msgs/srv/get_state.h
[23.328s] -- Symlinking: /home/johannes/TRIDENT-2021/trident_software/install/trident_msgs/include/trident_msgs/srv/guidance_request.h
[23.338s] -- Symlinking: /home/johannes/TRIDENT-2021/trident_software/install/trident_msgs/include/trident_msgs/srv/kalman_sensor_service.h
[23.347s] -- Symlinking: /home/johannes/TRIDENT-2021/trident_software/install/trident_msgs/include/trident_msgs/srv/load_mission.h
[23.358s] -- Symlinking: /home/johannes/TRIDENT-2021/trident_software/install/trident_msgs/share/trident_msgs/environment/library_path.sh
[23.368s] -- Symlinking: /home/johannes/TRIDENT-2021/trident_software/install/trident_msgs/share/trident_msgs/environment/library_path.dsv
[23.379s] -- Symlinking: /home/johannes/TRIDENT-2021/trident_software/install/trident_msgs/include/trident_msgs/action/detail/goto_pose__rosidl_typesupport_fastrtps_c.h
[23.389s] -- Symlinking: /home/johannes/TRIDENT-2021/trident_software/install/trident_msgs/include/trident_msgs/action/detail/goto_waypoint__rosidl_typesupport_fastrtps_c.h
[23.399s] -- Symlinking: /home/johannes/TRIDENT-2021/trident_software/install/trident_msgs/include/trident_msgs/action/detail/hold_pose__rosidl_typesupport_fastrtps_c.h
[23.410s] -- Symlinking: /home/johannes/TRIDENT-2021/trident_software/install/trident_msgs/include/trident_msgs/action/detail/start_mission__rosidl_typesupport_fastrtps_c.h
[23.419s] -- Symlinking: /home/johannes/TRIDENT-2021/trident_software/install/trident_msgs/include/trident_msgs/msg/detail/mission__rosidl_typesupport_fastrtps_c.h
[23.429s] -- Symlinking: /home/johannes/TRIDENT-2021/trident_software/install/trident_msgs/include/trident_msgs/msg/detail/motor_output__rosidl_typesupport_fastrtps_c.h
[23.440s] -- Symlinking: /home/johannes/TRIDENT-2021/trident_software/install/trident_msgs/include/trident_msgs/msg/detail/motor_outputs__rosidl_typesupport_fastrtps_c.h
[23.449s] -- Symlinking: /home/johannes/TRIDENT-2021/trident_software/install/trident_msgs/include/trident_msgs/msg/detail/state__rosidl_typesupport_fastrtps_c.h
[23.460s] -- Symlinking: /home/johannes/TRIDENT-2021/trident_software/install/trident_msgs/include/trident_msgs/msg/detail/waypoint__rosidl_typesupport_fastrtps_c.h
[23.470s] -- Symlinking: /home/johannes/TRIDENT-2021/trident_software/install/trident_msgs/include/trident_msgs/msg/detail/waypoint_action__rosidl_typesupport_fastrtps_c.h
[23.479s] -- Symlinking: /home/johannes/TRIDENT-2021/trident_software/install/trident_msgs/include/trident_msgs/msg/rosidl_typesupport_fastrtps_c__visibility_control.h
[23.490s] -- Symlinking: /home/johannes/TRIDENT-2021/trident_software/install/trident_msgs/include/trident_msgs/srv/detail/get_goal_pose__rosidl_typesupport_fastrtps_c.h
[23.499s] -- Symlinking: /home/johannes/TRIDENT-2021/trident_software/install/trident_msgs/include/trident_msgs/srv/detail/get_state__rosidl_typesupport_fastrtps_c.h
[23.509s] -- Symlinking: /home/johannes/TRIDENT-2021/trident_software/install/trident_msgs/include/trident_msgs/srv/detail/guidance_request__rosidl_typesupport_fastrtps_c.h
[23.518s] -- Symlinking: /home/johannes/TRIDENT-2021/trident_software/install/trident_msgs/include/trident_msgs/srv/detail/kalman_sensor_service__rosidl_typesupport_fastrtps_c.h
[23.528s] -- Symlinking: /home/johannes/TRIDENT-2021/trident_software/install/trident_msgs/include/trident_msgs/srv/detail/load_mission__rosidl_typesupport_fastrtps_c.h
[23.538s] -- Symlinking: /home/johannes/TRIDENT-2021/trident_software/install/trident_msgs/lib/libtrident_msgs__rosidl_typesupport_fastrtps_c.so
[23.549s] -- Symlinking: /home/johannes/TRIDENT-2021/trident_software/install/trident_msgs/include/trident_msgs/action/detail/goto_pose__rosidl_typesupport_fastrtps_cpp.hpp
[23.559s] -- Symlinking: /home/johannes/TRIDENT-2021/trident_software/install/trident_msgs/include/trident_msgs/action/detail/goto_waypoint__rosidl_typesupport_fastrtps_cpp.hpp
[23.569s] -- Symlinking: /home/johannes/TRIDENT-2021/trident_software/install/trident_msgs/include/trident_msgs/action/detail/hold_pose__rosidl_typesupport_fastrtps_cpp.hpp
[23.579s] -- Symlinking: /home/johannes/TRIDENT-2021/trident_software/install/trident_msgs/include/trident_msgs/action/detail/start_mission__rosidl_typesupport_fastrtps_cpp.hpp
[23.588s] -- Symlinking: /home/johannes/TRIDENT-2021/trident_software/install/trident_msgs/include/trident_msgs/msg/detail/mission__rosidl_typesupport_fastrtps_cpp.hpp
[23.598s] -- Symlinking: /home/johannes/TRIDENT-2021/trident_software/install/trident_msgs/include/trident_msgs/msg/detail/motor_output__rosidl_typesupport_fastrtps_cpp.hpp
[23.607s] -- Symlinking: /home/johannes/TRIDENT-2021/trident_software/install/trident_msgs/include/trident_msgs/msg/detail/motor_outputs__rosidl_typesupport_fastrtps_cpp.hpp
[23.617s] -- Symlinking: /home/johannes/TRIDENT-2021/trident_software/install/trident_msgs/include/trident_msgs/msg/detail/state__rosidl_typesupport_fastrtps_cpp.hpp
[23.627s] -- Symlinking: /home/johannes/TRIDENT-2021/trident_software/install/trident_msgs/include/trident_msgs/msg/detail/waypoint__rosidl_typesupport_fastrtps_cpp.hpp
[23.638s] -- Symlinking: /home/johannes/TRIDENT-2021/trident_software/install/trident_msgs/include/trident_msgs/msg/detail/waypoint_action__rosidl_typesupport_fastrtps_cpp.hpp
[23.649s] -- Symlinking: /home/johannes/TRIDENT-2021/trident_software/install/trident_msgs/include/trident_msgs/msg/rosidl_typesupport_fastrtps_cpp__visibility_control.h
[23.659s] -- Symlinking: /home/johannes/TRIDENT-2021/trident_software/install/trident_msgs/include/trident_msgs/srv/detail/get_goal_pose__rosidl_typesupport_fastrtps_cpp.hpp
[23.669s] -- Symlinking: /home/johannes/TRIDENT-2021/trident_software/install/trident_msgs/include/trident_msgs/srv/detail/get_state__rosidl_typesupport_fastrtps_cpp.hpp
[23.678s] -- Symlinking: /home/johannes/TRIDENT-2021/trident_software/install/trident_msgs/include/trident_msgs/srv/detail/guidance_request__rosidl_typesupport_fastrtps_cpp.hpp
[23.688s] -- Symlinking: /home/johannes/TRIDENT-2021/trident_software/install/trident_msgs/include/trident_msgs/srv/detail/kalman_sensor_service__rosidl_typesupport_fastrtps_cpp.hpp
[23.698s] -- Symlinking: /home/johannes/TRIDENT-2021/trident_software/install/trident_msgs/include/trident_msgs/srv/detail/load_mission__rosidl_typesupport_fastrtps_cpp.hpp
[23.708s] -- Symlinking: /home/johannes/TRIDENT-2021/trident_software/install/trident_msgs/lib/libtrident_msgs__rosidl_typesupport_fastrtps_cpp.so
[23.719s] -- Symlinking: /home/johannes/TRIDENT-2021/trident_software/install/trident_msgs/include/trident_msgs/action/detail/goto_pose__rosidl_typesupport_introspection_c.h
[23.729s] -- Symlinking: /home/johannes/TRIDENT-2021/trident_software/install/trident_msgs/include/trident_msgs/action/detail/goto_waypoint__rosidl_typesupport_introspection_c.h
[23.738s] -- Symlinking: /home/johannes/TRIDENT-2021/trident_software/install/trident_msgs/include/trident_msgs/action/detail/hold_pose__rosidl_typesupport_introspection_c.h
[23.748s] -- Symlinking: /home/johannes/TRIDENT-2021/trident_software/install/trident_msgs/include/trident_msgs/action/detail/start_mission__rosidl_typesupport_introspection_c.h
[23.757s] -- Symlinking: /home/johannes/TRIDENT-2021/trident_software/install/trident_msgs/include/trident_msgs/msg/detail/mission__rosidl_typesupport_introspection_c.h
[23.767s] -- Symlinking: /home/johannes/TRIDENT-2021/trident_software/install/trident_msgs/include/trident_msgs/msg/detail/motor_output__rosidl_typesupport_introspection_c.h
[23.776s] -- Symlinking: /home/johannes/TRIDENT-2021/trident_software/install/trident_msgs/include/trident_msgs/msg/detail/motor_outputs__rosidl_typesupport_introspection_c.h
[23.786s] -- Symlinking: /home/johannes/TRIDENT-2021/trident_software/install/trident_msgs/include/trident_msgs/msg/detail/state__rosidl_typesupport_introspection_c.h
[23.795s] -- Symlinking: /home/johannes/TRIDENT-2021/trident_software/install/trident_msgs/include/trident_msgs/msg/detail/waypoint__rosidl_typesupport_introspection_c.h
[23.805s] -- Symlinking: /home/johannes/TRIDENT-2021/trident_software/install/trident_msgs/include/trident_msgs/msg/detail/waypoint_action__rosidl_typesupport_introspection_c.h
[23.814s] -- Symlinking: /home/johannes/TRIDENT-2021/trident_software/install/trident_msgs/include/trident_msgs/msg/rosidl_typesupport_introspection_c__visibility_control.h
[23.824s] -- Symlinking: /home/johannes/TRIDENT-2021/trident_software/install/trident_msgs/include/trident_msgs/srv/detail/get_goal_pose__rosidl_typesupport_introspection_c.h
[23.833s] -- Symlinking: /home/johannes/TRIDENT-2021/trident_software/install/trident_msgs/include/trident_msgs/srv/detail/get_state__rosidl_typesupport_introspection_c.h
[23.843s] -- Symlinking: /home/johannes/TRIDENT-2021/trident_software/install/trident_msgs/include/trident_msgs/srv/detail/guidance_request__rosidl_typesupport_introspection_c.h
[23.853s] -- Symlinking: /home/johannes/TRIDENT-2021/trident_software/install/trident_msgs/include/trident_msgs/srv/detail/kalman_sensor_service__rosidl_typesupport_introspection_c.h
[23.863s] -- Symlinking: /home/johannes/TRIDENT-2021/trident_software/install/trident_msgs/include/trident_msgs/srv/detail/load_mission__rosidl_typesupport_introspection_c.h
[23.874s] -- Symlinking: /home/johannes/TRIDENT-2021/trident_software/install/trident_msgs/include/trident_msgs/action/detail/goto_pose__builder.hpp
[23.883s] -- Symlinking: /home/johannes/TRIDENT-2021/trident_software/install/trident_msgs/include/trident_msgs/action/detail/goto_pose__struct.hpp
[23.893s] -- Symlinking: /home/johannes/TRIDENT-2021/trident_software/install/trident_msgs/include/trident_msgs/action/detail/goto_pose__traits.hpp
[23.903s] -- Symlinking: /home/johannes/TRIDENT-2021/trident_software/install/trident_msgs/include/trident_msgs/action/detail/goto_waypoint__builder.hpp
[23.913s] -- Symlinking: /home/johannes/TRIDENT-2021/trident_software/install/trident_msgs/include/trident_msgs/action/detail/goto_waypoint__struct.hpp
[23.923s] -- Symlinking: /home/johannes/TRIDENT-2021/trident_software/install/trident_msgs/include/trident_msgs/action/detail/goto_waypoint__traits.hpp
[23.932s] -- Symlinking: /home/johannes/TRIDENT-2021/trident_software/install/trident_msgs/include/trident_msgs/action/detail/hold_pose__builder.hpp
[23.941s] -- Symlinking: /home/johannes/TRIDENT-2021/trident_software/install/trident_msgs/include/trident_msgs/action/detail/hold_pose__struct.hpp
[23.950s] -- Symlinking: /home/johannes/TRIDENT-2021/trident_software/install/trident_msgs/include/trident_msgs/action/detail/hold_pose__traits.hpp
[23.959s] -- Symlinking: /home/johannes/TRIDENT-2021/trident_software/install/trident_msgs/include/trident_msgs/action/detail/start_mission__builder.hpp
[23.968s] -- Symlinking: /home/johannes/TRIDENT-2021/trident_software/install/trident_msgs/include/trident_msgs/action/detail/start_mission__struct.hpp
[23.977s] -- Symlinking: /home/johannes/TRIDENT-2021/trident_software/install/trident_msgs/include/trident_msgs/action/detail/start_mission__traits.hpp
[23.986s] -- Symlinking: /home/johannes/TRIDENT-2021/trident_software/install/trident_msgs/include/trident_msgs/action/goto_pose.hpp
[23.995s] -- Symlinking: /home/johannes/TRIDENT-2021/trident_software/install/trident_msgs/include/trident_msgs/action/goto_waypoint.hpp
[24.004s] -- Symlinking: /home/johannes/TRIDENT-2021/trident_software/install/trident_msgs/include/trident_msgs/action/hold_pose.hpp
[24.013s] -- Symlinking: /home/johannes/TRIDENT-2021/trident_software/install/trident_msgs/include/trident_msgs/action/start_mission.hpp
[24.022s] -- Symlinking: /home/johannes/TRIDENT-2021/trident_software/install/trident_msgs/include/trident_msgs/msg/detail/mission__builder.hpp
[24.031s] -- Symlinking: /home/johannes/TRIDENT-2021/trident_software/install/trident_msgs/include/trident_msgs/msg/detail/mission__struct.hpp
[24.039s] -- Symlinking: /home/johannes/TRIDENT-2021/trident_software/install/trident_msgs/include/trident_msgs/msg/detail/mission__traits.hpp
[24.049s] -- Symlinking: /home/johannes/TRIDENT-2021/trident_software/install/trident_msgs/include/trident_msgs/msg/detail/motor_output__builder.hpp
[24.057s] -- Symlinking: /home/johannes/TRIDENT-2021/trident_software/install/trident_msgs/include/trident_msgs/msg/detail/motor_output__struct.hpp
[24.066s] -- Symlinking: /home/johannes/TRIDENT-2021/trident_software/install/trident_msgs/include/trident_msgs/msg/detail/motor_output__traits.hpp
[24.075s] -- Symlinking: /home/johannes/TRIDENT-2021/trident_software/install/trident_msgs/include/trident_msgs/msg/detail/motor_outputs__builder.hpp
[24.083s] -- Symlinking: /home/johannes/TRIDENT-2021/trident_software/install/trident_msgs/include/trident_msgs/msg/detail/motor_outputs__struct.hpp
[24.092s] -- Symlinking: /home/johannes/TRIDENT-2021/trident_software/install/trident_msgs/include/trident_msgs/msg/detail/motor_outputs__traits.hpp
[24.101s] -- Symlinking: /home/johannes/TRIDENT-2021/trident_software/install/trident_msgs/include/trident_msgs/msg/detail/state__builder.hpp
[24.110s] -- Symlinking: /home/johannes/TRIDENT-2021/trident_software/install/trident_msgs/include/trident_msgs/msg/detail/state__struct.hpp
[24.118s] -- Symlinking: /home/johannes/TRIDENT-2021/trident_software/install/trident_msgs/include/trident_msgs/msg/detail/state__traits.hpp
[24.127s] -- Symlinking: /home/johannes/TRIDENT-2021/trident_software/install/trident_msgs/include/trident_msgs/msg/detail/waypoint__builder.hpp
[24.136s] -- Symlinking: /home/johannes/TRIDENT-2021/trident_software/install/trident_msgs/include/trident_msgs/msg/detail/waypoint__struct.hpp
[24.145s] -- Symlinking: /home/johannes/TRIDENT-2021/trident_software/install/trident_msgs/include/trident_msgs/msg/detail/waypoint__traits.hpp
[24.154s] -- Symlinking: /home/johannes/TRIDENT-2021/trident_software/install/trident_msgs/include/trident_msgs/msg/detail/waypoint_action__builder.hpp
[24.162s] -- Symlinking: /home/johannes/TRIDENT-2021/trident_software/install/trident_msgs/include/trident_msgs/msg/detail/waypoint_action__struct.hpp
[24.171s] -- Symlinking: /home/johannes/TRIDENT-2021/trident_software/install/trident_msgs/include/trident_msgs/msg/detail/waypoint_action__traits.hpp
[24.180s] -- Symlinking: /home/johannes/TRIDENT-2021/trident_software/install/trident_msgs/include/trident_msgs/msg/mission.hpp
[24.189s] -- Symlinking: /home/johannes/TRIDENT-2021/trident_software/install/trident_msgs/include/trident_msgs/msg/motor_output.hpp
[24.198s] -- Symlinking: /home/johannes/TRIDENT-2021/trident_software/install/trident_msgs/include/trident_msgs/msg/motor_outputs.hpp
[24.207s] -- Symlinking: /home/johannes/TRIDENT-2021/trident_software/install/trident_msgs/include/trident_msgs/msg/state.hpp
[24.215s] -- Symlinking: /home/johannes/TRIDENT-2021/trident_software/install/trident_msgs/include/trident_msgs/msg/waypoint.hpp
[24.225s] -- Symlinking: /home/johannes/TRIDENT-2021/trident_software/install/trident_msgs/include/trident_msgs/msg/waypoint_action.hpp
[24.234s] -- Symlinking: /home/johannes/TRIDENT-2021/trident_software/install/trident_msgs/include/trident_msgs/srv/detail/get_goal_pose__builder.hpp
[24.243s] -- Symlinking: /home/johannes/TRIDENT-2021/trident_software/install/trident_msgs/include/trident_msgs/srv/detail/get_goal_pose__struct.hpp
[24.253s] -- Symlinking: /home/johannes/TRIDENT-2021/trident_software/install/trident_msgs/include/trident_msgs/srv/detail/get_goal_pose__traits.hpp
[24.262s] -- Symlinking: /home/johannes/TRIDENT-2021/trident_software/install/trident_msgs/include/trident_msgs/srv/detail/get_state__builder.hpp
[24.271s] -- Symlinking: /home/johannes/TRIDENT-2021/trident_software/install/trident_msgs/include/trident_msgs/srv/detail/get_state__struct.hpp
[24.280s] -- Symlinking: /home/johannes/TRIDENT-2021/trident_software/install/trident_msgs/include/trident_msgs/srv/detail/get_state__traits.hpp
[24.292s] -- Symlinking: /home/johannes/TRIDENT-2021/trident_software/install/trident_msgs/include/trident_msgs/srv/detail/guidance_request__builder.hpp
[24.301s] -- Symlinking: /home/johannes/TRIDENT-2021/trident_software/install/trident_msgs/include/trident_msgs/srv/detail/guidance_request__struct.hpp
[24.311s] -- Symlinking: /home/johannes/TRIDENT-2021/trident_software/install/trident_msgs/include/trident_msgs/srv/detail/guidance_request__traits.hpp
[24.319s] -- Symlinking: /home/johannes/TRIDENT-2021/trident_software/install/trident_msgs/include/trident_msgs/srv/detail/kalman_sensor_service__builder.hpp
[24.328s] -- Symlinking: /home/johannes/TRIDENT-2021/trident_software/install/trident_msgs/include/trident_msgs/srv/detail/kalman_sensor_service__struct.hpp
[24.336s] -- Symlinking: /home/johannes/TRIDENT-2021/trident_software/install/trident_msgs/include/trident_msgs/srv/detail/kalman_sensor_service__traits.hpp
[24.345s] -- Symlinking: /home/johannes/TRIDENT-2021/trident_software/install/trident_msgs/include/trident_msgs/srv/detail/load_mission__builder.hpp
[24.354s] -- Symlinking: /home/johannes/TRIDENT-2021/trident_software/install/trident_msgs/include/trident_msgs/srv/detail/load_mission__struct.hpp
[24.362s] -- Symlinking: /home/johannes/TRIDENT-2021/trident_software/install/trident_msgs/include/trident_msgs/srv/detail/load_mission__traits.hpp
[24.371s] -- Symlinking: /home/johannes/TRIDENT-2021/trident_software/install/trident_msgs/include/trident_msgs/srv/get_goal_pose.hpp
[24.380s] -- Symlinking: /home/johannes/TRIDENT-2021/trident_software/install/trident_msgs/include/trident_msgs/srv/get_state.hpp
[24.389s] -- Symlinking: /home/johannes/TRIDENT-2021/trident_software/install/trident_msgs/include/trident_msgs/srv/guidance_request.hpp
[24.398s] -- Symlinking: /home/johannes/TRIDENT-2021/trident_software/install/trident_msgs/include/trident_msgs/srv/kalman_sensor_service.hpp
[24.407s] -- Symlinking: /home/johannes/TRIDENT-2021/trident_software/install/trident_msgs/include/trident_msgs/srv/load_mission.hpp
[24.416s] -- Symlinking: /home/johannes/TRIDENT-2021/trident_software/install/trident_msgs/include/trident_msgs/action/detail/goto_pose__rosidl_typesupport_introspection_cpp.hpp
[24.425s] -- Symlinking: /home/johannes/TRIDENT-2021/trident_software/install/trident_msgs/include/trident_msgs/action/detail/goto_waypoint__rosidl_typesupport_introspection_cpp.hpp
[24.434s] -- Symlinking: /home/johannes/TRIDENT-2021/trident_software/install/trident_msgs/include/trident_msgs/action/detail/hold_pose__rosidl_typesupport_introspection_cpp.hpp
[24.443s] -- Symlinking: /home/johannes/TRIDENT-2021/trident_software/install/trident_msgs/include/trident_msgs/action/detail/start_mission__rosidl_typesupport_introspection_cpp.hpp
[24.452s] -- Symlinking: /home/johannes/TRIDENT-2021/trident_software/install/trident_msgs/include/trident_msgs/msg/detail/mission__rosidl_typesupport_introspection_cpp.hpp
[24.461s] -- Symlinking: /home/johannes/TRIDENT-2021/trident_software/install/trident_msgs/include/trident_msgs/msg/detail/motor_output__rosidl_typesupport_introspection_cpp.hpp
[24.470s] -- Symlinking: /home/johannes/TRIDENT-2021/trident_software/install/trident_msgs/include/trident_msgs/msg/detail/motor_outputs__rosidl_typesupport_introspection_cpp.hpp
[24.478s] -- Symlinking: /home/johannes/TRIDENT-2021/trident_software/install/trident_msgs/include/trident_msgs/msg/detail/state__rosidl_typesupport_introspection_cpp.hpp
[24.487s] -- Symlinking: /home/johannes/TRIDENT-2021/trident_software/install/trident_msgs/include/trident_msgs/msg/detail/waypoint__rosidl_typesupport_introspection_cpp.hpp
[24.496s] -- Symlinking: /home/johannes/TRIDENT-2021/trident_software/install/trident_msgs/include/trident_msgs/msg/detail/waypoint_action__rosidl_typesupport_introspection_cpp.hpp
[24.505s] -- Symlinking: /home/johannes/TRIDENT-2021/trident_software/install/trident_msgs/include/trident_msgs/srv/detail/get_goal_pose__rosidl_typesupport_introspection_cpp.hpp
[24.514s] -- Symlinking: /home/johannes/TRIDENT-2021/trident_software/install/trident_msgs/include/trident_msgs/srv/detail/get_state__rosidl_typesupport_introspection_cpp.hpp
[24.522s] -- Symlinking: /home/johannes/TRIDENT-2021/trident_software/install/trident_msgs/include/trident_msgs/srv/detail/guidance_request__rosidl_typesupport_introspection_cpp.hpp
[24.531s] -- Symlinking: /home/johannes/TRIDENT-2021/trident_software/install/trident_msgs/include/trident_msgs/srv/detail/kalman_sensor_service__rosidl_typesupport_introspection_cpp.hpp
[24.540s] -- Symlinking: /home/johannes/TRIDENT-2021/trident_software/install/trident_msgs/include/trident_msgs/srv/detail/load_mission__rosidl_typesupport_introspection_cpp.hpp
[24.549s] -- Symlinking: /home/johannes/TRIDENT-2021/trident_software/install/trident_msgs/share/trident_msgs/environment/pythonpath.sh
[24.558s] -- Symlinking: /home/johannes/TRIDENT-2021/trident_software/install/trident_msgs/share/trident_msgs/environment/pythonpath.dsv
[24.567s] -- Symlinking: /home/johannes/TRIDENT-2021/trident_software/install/trident_msgs/lib/python3.8/site-packages/trident_msgs/__init__.py
[24.577s] -- Symlinking: /home/johannes/TRIDENT-2021/trident_software/install/trident_msgs/lib/python3.8/site-packages/trident_msgs/msg/__init__.py
[24.586s] -- Symlinking: /home/johannes/TRIDENT-2021/trident_software/install/trident_msgs/lib/python3.8/site-packages/trident_msgs/msg/_mission.py
[24.595s] -- Symlinking: /home/johannes/TRIDENT-2021/trident_software/install/trident_msgs/lib/python3.8/site-packages/trident_msgs/msg/_motor_output.py
[24.603s] -- Symlinking: /home/johannes/TRIDENT-2021/trident_software/install/trident_msgs/lib/python3.8/site-packages/trident_msgs/msg/_motor_outputs.py
[24.612s] -- Symlinking: /home/johannes/TRIDENT-2021/trident_software/install/trident_msgs/lib/python3.8/site-packages/trident_msgs/msg/_state.py
[24.621s] -- Symlinking: /home/johannes/TRIDENT-2021/trident_software/install/trident_msgs/lib/python3.8/site-packages/trident_msgs/msg/_waypoint.py
[24.630s] -- Symlinking: /home/johannes/TRIDENT-2021/trident_software/install/trident_msgs/lib/python3.8/site-packages/trident_msgs/msg/_waypoint_action.py
[24.639s] -- Symlinking: /home/johannes/TRIDENT-2021/trident_software/install/trident_msgs/lib/python3.8/site-packages/trident_msgs/srv/__init__.py
[24.648s] -- Symlinking: /home/johannes/TRIDENT-2021/trident_software/install/trident_msgs/lib/python3.8/site-packages/trident_msgs/srv/_get_goal_pose.py
[24.658s] -- Symlinking: /home/johannes/TRIDENT-2021/trident_software/install/trident_msgs/lib/python3.8/site-packages/trident_msgs/srv/_get_state.py
[24.666s] -- Symlinking: /home/johannes/TRIDENT-2021/trident_software/install/trident_msgs/lib/python3.8/site-packages/trident_msgs/srv/_guidance_request.py
[24.675s] -- Symlinking: /home/johannes/TRIDENT-2021/trident_software/install/trident_msgs/lib/python3.8/site-packages/trident_msgs/srv/_kalman_sensor_service.py
[24.684s] -- Symlinking: /home/johannes/TRIDENT-2021/trident_software/install/trident_msgs/lib/python3.8/site-packages/trident_msgs/srv/_load_mission.py
[24.693s] -- Symlinking: /home/johannes/TRIDENT-2021/trident_software/install/trident_msgs/lib/python3.8/site-packages/trident_msgs/action/__init__.py
[24.702s] -- Symlinking: /home/johannes/TRIDENT-2021/trident_software/install/trident_msgs/lib/python3.8/site-packages/trident_msgs/action/_goto_pose.py
[24.711s] -- Symlinking: /home/johannes/TRIDENT-2021/trident_software/install/trident_msgs/lib/python3.8/site-packages/trident_msgs/action/_goto_waypoint.py
[24.719s] -- Symlinking: /home/johannes/TRIDENT-2021/trident_software/install/trident_msgs/lib/python3.8/site-packages/trident_msgs/action/_hold_pose.py
[24.728s] -- Symlinking: /home/johannes/TRIDENT-2021/trident_software/install/trident_msgs/lib/python3.8/site-packages/trident_msgs/action/_start_mission.py
[24.737s] -- Symlinking: /home/johannes/TRIDENT-2021/trident_software/install/trident_msgs/lib/python3.8/site-packages/trident_msgs/trident_msgs_s__rosidl_typesupport_fastrtps_c.cpython-38-x86_64-linux-gnu.so
[24.746s] -- Symlinking: /home/johannes/TRIDENT-2021/trident_software/install/trident_msgs/lib/python3.8/site-packages/trident_msgs/trident_msgs_s__rosidl_typesupport_introspection_c.cpython-38-x86_64-linux-gnu.so
[24.755s] -- Symlinking: /home/johannes/TRIDENT-2021/trident_software/install/trident_msgs/lib/python3.8/site-packages/trident_msgs/trident_msgs_s__rosidl_typesupport_c.cpython-38-x86_64-linux-gnu.so
[24.764s] -- Symlinking: /home/johannes/TRIDENT-2021/trident_software/install/trident_msgs/lib/libtrident_msgs__python.so
[24.773s] -- Symlinking: /home/johannes/TRIDENT-2021/trident_software/install/trident_msgs/share/trident_msgs/msg/Waypoint.idl
[24.782s] -- Symlinking: /home/johannes/TRIDENT-2021/trident_software/install/trident_msgs/share/trident_msgs/msg/WaypointAction.idl
[24.791s] -- Symlinking: /home/johannes/TRIDENT-2021/trident_software/install/trident_msgs/share/trident_msgs/msg/Mission.idl
[24.800s] -- Symlinking: /home/johannes/TRIDENT-2021/trident_software/install/trident_msgs/share/trident_msgs/msg/MotorOutput.idl
[24.809s] -- Symlinking: /home/johannes/TRIDENT-2021/trident_software/install/trident_msgs/share/trident_msgs/msg/MotorOutputs.idl
[24.818s] -- Symlinking: /home/johannes/TRIDENT-2021/trident_software/install/trident_msgs/share/trident_msgs/msg/State.idl
[24.827s] -- Symlinking: /home/johannes/TRIDENT-2021/trident_software/install/trident_msgs/share/trident_msgs/srv/LoadMission.idl
[24.836s] -- Symlinking: /home/johannes/TRIDENT-2021/trident_software/install/trident_msgs/share/trident_msgs/srv/GuidanceRequest.idl
[24.844s] -- Symlinking: /home/johannes/TRIDENT-2021/trident_software/install/trident_msgs/share/trident_msgs/srv/GetGoalPose.idl
[24.854s] -- Symlinking: /home/johannes/TRIDENT-2021/trident_software/install/trident_msgs/share/trident_msgs/srv/GetState.idl
[24.864s] -- Symlinking: /home/johannes/TRIDENT-2021/trident_software/install/trident_msgs/share/trident_msgs/srv/KalmanSensorService.idl
[24.872s] -- Symlinking: /home/johannes/TRIDENT-2021/trident_software/install/trident_msgs/share/trident_msgs/action/StartMission.idl
[24.881s] -- Symlinking: /home/johannes/TRIDENT-2021/trident_software/install/trident_msgs/share/trident_msgs/action/GotoWaypoint.idl
[24.890s] -- Symlinking: /home/johannes/TRIDENT-2021/trident_software/install/trident_msgs/share/trident_msgs/action/GotoPose.idl
[24.900s] -- Symlinking: /home/johannes/TRIDENT-2021/trident_software/install/trident_msgs/share/trident_msgs/action/HoldPose.idl
[24.909s] -- Symlinking: /home/johannes/TRIDENT-2021/trident_software/install/trident_msgs/share/trident_msgs/msg/Waypoint.msg
[24.918s] -- Symlinking: /home/johannes/TRIDENT-2021/trident_software/install/trident_msgs/share/trident_msgs/msg/WaypointAction.msg
[24.927s] -- Symlinking: /home/johannes/TRIDENT-2021/trident_software/install/trident_msgs/share/trident_msgs/msg/Mission.msg
[24.935s] -- Symlinking: /home/johannes/TRIDENT-2021/trident_software/install/trident_msgs/share/trident_msgs/msg/MotorOutput.msg
[24.944s] -- Symlinking: /home/johannes/TRIDENT-2021/trident_software/install/trident_msgs/share/trident_msgs/msg/MotorOutputs.msg
[24.954s] -- Symlinking: /home/johannes/TRIDENT-2021/trident_software/install/trident_msgs/share/trident_msgs/msg/State.msg
[24.963s] -- Symlinking: /home/johannes/TRIDENT-2021/trident_software/install/trident_msgs/share/trident_msgs/srv/LoadMission.srv
[24.972s] -- Symlinking: /home/johannes/TRIDENT-2021/trident_software/install/trident_msgs/share/trident_msgs/srv/LoadMission_Request.msg
[24.981s] -- Symlinking: /home/johannes/TRIDENT-2021/trident_software/install/trident_msgs/share/trident_msgs/srv/LoadMission_Response.msg
[24.990s] -- Symlinking: /home/johannes/TRIDENT-2021/trident_software/install/trident_msgs/share/trident_msgs/srv/GuidanceRequest.srv
[25.000s] -- Symlinking: /home/johannes/TRIDENT-2021/trident_software/install/trident_msgs/share/trident_msgs/srv/GuidanceRequest_Request.msg
[25.009s] -- Symlinking: /home/johannes/TRIDENT-2021/trident_software/install/trident_msgs/share/trident_msgs/srv/GuidanceRequest_Response.msg
[25.017s] -- Symlinking: /home/johannes/TRIDENT-2021/trident_software/install/trident_msgs/share/trident_msgs/srv/GetGoalPose.srv
[25.026s] -- Symlinking: /home/johannes/TRIDENT-2021/trident_software/install/trident_msgs/share/trident_msgs/srv/GetGoalPose_Request.msg
[25.035s] -- Symlinking: /home/johannes/TRIDENT-2021/trident_software/install/trident_msgs/share/trident_msgs/srv/GetGoalPose_Response.msg
[25.044s] -- Symlinking: /home/johannes/TRIDENT-2021/trident_software/install/trident_msgs/share/trident_msgs/srv/GetState.srv
[25.053s] -- Symlinking: /home/johannes/TRIDENT-2021/trident_software/install/trident_msgs/share/trident_msgs/srv/GetState_Request.msg
[25.062s] -- Symlinking: /home/johannes/TRIDENT-2021/trident_software/install/trident_msgs/share/trident_msgs/srv/GetState_Response.msg
[25.071s] -- Symlinking: /home/johannes/TRIDENT-2021/trident_software/install/trident_msgs/share/trident_msgs/srv/KalmanSensorService.srv
[25.080s] -- Symlinking: /home/johannes/TRIDENT-2021/trident_software/install/trident_msgs/share/trident_msgs/srv/KalmanSensorService_Request.msg
[25.090s] -- Symlinking: /home/johannes/TRIDENT-2021/trident_software/install/trident_msgs/share/trident_msgs/srv/KalmanSensorService_Response.msg
[25.099s] -- Symlinking: /home/johannes/TRIDENT-2021/trident_software/install/trident_msgs/share/trident_msgs/action/StartMission.action
[25.108s] -- Symlinking: /home/johannes/TRIDENT-2021/trident_software/install/trident_msgs/share/trident_msgs/action/GotoWaypoint.action
[25.117s] -- Symlinking: /home/johannes/TRIDENT-2021/trident_software/install/trident_msgs/share/trident_msgs/action/GotoPose.action
[25.125s] -- Symlinking: /home/johannes/TRIDENT-2021/trident_software/install/trident_msgs/share/trident_msgs/action/HoldPose.action
[25.134s] -- Symlinking: /home/johannes/TRIDENT-2021/trident_software/install/trident_msgs/share/ament_index/resource_index/package_run_dependencies/trident_msgs
[25.143s] -- Symlinking: /home/johannes/TRIDENT-2021/trident_software/install/trident_msgs/share/ament_index/resource_index/parent_prefix_path/trident_msgs
[25.152s] -- Symlinking: /home/johannes/TRIDENT-2021/trident_software/install/trident_msgs/share/trident_msgs/environment/ament_prefix_path.sh
[25.161s] -- Symlinking: /home/johannes/TRIDENT-2021/trident_software/install/trident_msgs/share/trident_msgs/environment/ament_prefix_path.dsv
[25.170s] -- Symlinking: /home/johannes/TRIDENT-2021/trident_software/install/trident_msgs/share/trident_msgs/environment/path.sh
[25.179s] -- Symlinking: /home/johannes/TRIDENT-2021/trident_software/install/trident_msgs/share/trident_msgs/environment/path.dsv
[25.188s] -- Symlinking: /home/johannes/TRIDENT-2021/trident_software/install/trident_msgs/share/trident_msgs/local_setup.bash
[25.197s] -- Symlinking: /home/johannes/TRIDENT-2021/trident_software/install/trident_msgs/share/trident_msgs/local_setup.sh
[25.207s] -- Symlinking: /home/johannes/TRIDENT-2021/trident_software/install/trident_msgs/share/trident_msgs/local_setup.zsh
[25.217s] -- Symlinking: /home/johannes/TRIDENT-2021/trident_software/install/trident_msgs/share/trident_msgs/local_setup.dsv
[25.227s] -- Symlinking: /home/johannes/TRIDENT-2021/trident_software/install/trident_msgs/share/trident_msgs/package.dsv
[25.236s] -- Symlinking: /home/johannes/TRIDENT-2021/trident_software/install/trident_msgs/share/ament_index/resource_index/packages/trident_msgs
[25.246s] -- Symlinking: /home/johannes/TRIDENT-2021/trident_software/install/trident_msgs/share/trident_msgs/cmake/rosidl_cmake-extras.cmake
[25.255s] -- Symlinking: /home/johannes/TRIDENT-2021/trident_software/install/trident_msgs/share/trident_msgs/cmake/ament_cmake_export_dependencies-extras.cmake
[25.267s] -- Symlinking: /home/johannes/TRIDENT-2021/trident_software/install/trident_msgs/share/trident_msgs/cmake/ament_cmake_export_libraries-extras.cmake
[25.278s] -- Symlinking: /home/johannes/TRIDENT-2021/trident_software/install/trident_msgs/share/trident_msgs/cmake/ament_cmake_export_targets-extras.cmake
[25.287s] -- Symlinking: /home/johannes/TRIDENT-2021/trident_software/install/trident_msgs/share/trident_msgs/cmake/ament_cmake_export_include_directories-extras.cmake
[25.296s] -- Symlinking: /home/johannes/TRIDENT-2021/trident_software/install/trident_msgs/share/trident_msgs/cmake/rosidl_cmake_export_typesupport_libraries-extras.cmake
[25.307s] -- Symlinking: /home/johannes/TRIDENT-2021/trident_software/install/trident_msgs/share/trident_msgs/cmake/rosidl_cmake_export_typesupport_targets-extras.cmake
[25.318s] -- Symlinking: /home/johannes/TRIDENT-2021/trident_software/install/trident_msgs/share/trident_msgs/cmake/trident_msgsConfig.cmake
[25.328s] -- Symlinking: /home/johannes/TRIDENT-2021/trident_software/install/trident_msgs/share/trident_msgs/cmake/trident_msgsConfig-version.cmake
[25.337s] -- Symlinking: /home/johannes/TRIDENT-2021/trident_software/install/trident_msgs/share/trident_msgs/package.xml
[25.346s] -- Installing: /home/johannes/TRIDENT-2021/trident_software/install/trident_msgs/lib/libtrident_msgs__rosidl_generator_c.so
[25.347s] -- Set runtime path of "/home/johannes/TRIDENT-2021/trident_software/install/trident_msgs/lib/libtrident_msgs__rosidl_generator_c.so" to ""
[25.347s] -- Installing: /home/johannes/TRIDENT-2021/trident_software/install/trident_msgs/lib/libtrident_msgs__rosidl_typesupport_introspection_c.so
[25.347s] -- Set runtime path of "/home/johannes/TRIDENT-2021/trident_software/install/trident_msgs/lib/libtrident_msgs__rosidl_typesupport_introspection_c.so" to ""
[25.348s] -- Installing: /home/johannes/TRIDENT-2021/trident_software/install/trident_msgs/lib/libtrident_msgs__rosidl_typesupport_c.so
[25.348s] -- Set runtime path of "/home/johannes/TRIDENT-2021/trident_software/install/trident_msgs/lib/libtrident_msgs__rosidl_typesupport_c.so" to ""
[25.348s] -- Installing: /home/johannes/TRIDENT-2021/trident_software/install/trident_msgs/lib/libtrident_msgs__rosidl_typesupport_introspection_cpp.so
[25.349s] -- Set runtime path of "/home/johannes/TRIDENT-2021/trident_software/install/trident_msgs/lib/libtrident_msgs__rosidl_typesupport_introspection_cpp.so" to ""
[25.349s] -- Installing: /home/johannes/TRIDENT-2021/trident_software/install/trident_msgs/lib/libtrident_msgs__rosidl_typesupport_cpp.so
[25.350s] -- Set runtime path of "/home/johannes/TRIDENT-2021/trident_software/install/trident_msgs/lib/libtrident_msgs__rosidl_typesupport_cpp.so" to ""
[25.411s] Compiling '/home/johannes/TRIDENT-2021/trident_software/install/trident_msgs/lib/python3.8/site-packages/trident_msgs/__init__.py'...
[25.415s] -- Installing: /home/johannes/TRIDENT-2021/trident_software/install/trident_msgs/share/trident_msgs/cmake/trident_msgs__rosidl_generator_cExport.cmake
[25.415s] -- Installing: /home/johannes/TRIDENT-2021/trident_software/install/trident_msgs/share/trident_msgs/cmake/trident_msgs__rosidl_generator_cExport-noconfig.cmake
[25.416s] -- Installing: /home/johannes/TRIDENT-2021/trident_software/install/trident_msgs/share/trident_msgs/cmake/trident_msgs__rosidl_typesupport_introspection_cExport.cmake
[25.416s] -- Installing: /home/johannes/TRIDENT-2021/trident_software/install/trident_msgs/share/trident_msgs/cmake/trident_msgs__rosidl_typesupport_introspection_cExport-noconfig.cmake
[25.416s] -- Installing: /home/johannes/TRIDENT-2021/trident_software/install/trident_msgs/share/trident_msgs/cmake/trident_msgs__rosidl_typesupport_cExport.cmake
[25.417s] -- Installing: /home/johannes/TRIDENT-2021/trident_software/install/trident_msgs/share/trident_msgs/cmake/trident_msgs__rosidl_typesupport_cExport-noconfig.cmake
[25.417s] -- Installing: /home/johannes/TRIDENT-2021/trident_software/install/trident_msgs/share/trident_msgs/cmake/trident_msgs__rosidl_generator_cppExport.cmake
[25.417s] -- Installing: /home/johannes/TRIDENT-2021/trident_software/install/trident_msgs/share/trident_msgs/cmake/trident_msgs__rosidl_typesupport_introspection_cppExport.cmake
[25.417s] -- Installing: /home/johannes/TRIDENT-2021/trident_software/install/trident_msgs/share/trident_msgs/cmake/trident_msgs__rosidl_typesupport_introspection_cppExport-noconfig.cmake
[25.418s] -- Installing: /home/johannes/TRIDENT-2021/trident_software/install/trident_msgs/share/trident_msgs/cmake/trident_msgs__rosidl_typesupport_cppExport.cmake
[25.418s] -- Installing: /home/johannes/TRIDENT-2021/trident_software/install/trident_msgs/share/trident_msgs/cmake/trident_msgs__rosidl_typesupport_cppExport-noconfig.cmake
[25.423s] Invoked command in '/home/johannes/TRIDENT-2021/trident_software/build/trident_msgs' returned '0': CMAKE_PREFIX_PATH=${CMAKE_PREFIX_PATH}:/home/johannes/TRIDENT-2021/trident_software/install/naiad_navigation:/home/johannes/TRIDENT-2021/trident_software/install/naiad_motor_control:/home/johannes/TRIDENT-2021/trident_software/install/naiad_mission_control:/home/johannes/TRIDENT-2021/trident_software/install/naiad_driver:/home/johannes/TRIDENT-2021/trident_software/install/naiad_bringup:/home/johannes/TRIDENT-2021/trident_software/install/athena_bringup:/home/johannes/TRIDENT-2021/trident_software/install/athena_navigation:/home/johannes/TRIDENT-2021/trident_software/install/athena_motor_control:/home/johannes/TRIDENT-2021/trident_software/install/athena_mission_control:/home/johannes/TRIDENT-2021/trident_software/install/athena_guidance_system:/home/johannes/TRIDENT-2021/trident_software/install/athena_driver:/home/johannes/TRIDENT-2021/trident_software/install/naiad_teleop:/home/johannes/TRIDENT-2021/trident_software/install/naiad_position:/home/johannes/TRIDENT-2021/trident_software/install/naiad_guidance_system:/home/johannes/TRIDENT-2021/trident_software/install/naiad:/home/johannes/TRIDENT-2021/trident_software/install/athena_teleop:/home/johannes/TRIDENT-2021/trident_software/install/athena_position:/home/johannes/TRIDENT-2021/trident_software/install/athena:/opt/ros/foxy /usr/bin/cmake --install /home/johannes/TRIDENT-2021/trident_software/build/trident_msgs
