running develop
running egg_info
creating athena_driver.egg-info
writing athena_driver.egg-info/PKG-INFO
writing dependency_links to athena_driver.egg-info/dependency_links.txt
writing entry points to athena_driver.egg-info/entry_points.txt
writing requirements to athena_driver.egg-info/requires.txt
writing top-level names to athena_driver.egg-info/top_level.txt
writing manifest file 'athena_driver.egg-info/SOURCES.txt'
reading manifest file 'athena_driver.egg-info/SOURCES.txt'
writing manifest file 'athena_driver.egg-info/SOURCES.txt'
running build_ext
Creating /home/johannes/TRIDENT-2021/trident_software/install/athena_driver/lib/python3.8/site-packages/site.py
Creating /home/johannes/TRIDENT-2021/trident_software/install/athena_driver/lib/python3.8/site-packages/athena-driver.egg-link (link to .)
Installing motor_driver script to /home/johannes/TRIDENT-2021/trident_software/install/athena_driver/lib/athena_driver

Installed /home/johannes/TRIDENT-2021/trident_software/build/athena_driver
running install_data
creating /home/johannes/TRIDENT-2021/trident_software/install/athena_driver/share/ament_index
creating /home/johannes/TRIDENT-2021/trident_software/install/athena_driver/share/ament_index/resource_index
creating /home/johannes/TRIDENT-2021/trident_software/install/athena_driver/share/ament_index/resource_index/packages
copying resource/athena_driver -> /home/johannes/TRIDENT-2021/trident_software/install/athena_driver/share/ament_index/resource_index/packages
copying package.xml -> /home/johannes/TRIDENT-2021/trident_software/install/athena_driver/share/athena_driver
