running develop
running egg_info
creating athena_guidance_system.egg-info
writing athena_guidance_system.egg-info/PKG-INFO
writing dependency_links to athena_guidance_system.egg-info/dependency_links.txt
writing entry points to athena_guidance_system.egg-info/entry_points.txt
writing requirements to athena_guidance_system.egg-info/requires.txt
writing top-level names to athena_guidance_system.egg-info/top_level.txt
writing manifest file 'athena_guidance_system.egg-info/SOURCES.txt'
reading manifest file 'athena_guidance_system.egg-info/SOURCES.txt'
writing manifest file 'athena_guidance_system.egg-info/SOURCES.txt'
running build_ext
Creating /home/johannes/TRIDENT-2021/trident_software/install/athena_guidance_system/lib/python3.8/site-packages/site.py
Creating /home/johannes/TRIDENT-2021/trident_software/install/athena_guidance_system/lib/python3.8/site-packages/athena-guidance-system.egg-link (link to .)
Installing guidance_system script to /home/johannes/TRIDENT-2021/trident_software/install/athena_guidance_system/lib/athena_guidance_system

Installed /home/johannes/TRIDENT-2021/trident_software/build/athena_guidance_system
running install_data
creating /home/johannes/TRIDENT-2021/trident_software/install/athena_guidance_system/share/ament_index
creating /home/johannes/TRIDENT-2021/trident_software/install/athena_guidance_system/share/ament_index/resource_index
creating /home/johannes/TRIDENT-2021/trident_software/install/athena_guidance_system/share/ament_index/resource_index/packages
copying resource/athena_guidance_system -> /home/johannes/TRIDENT-2021/trident_software/install/athena_guidance_system/share/ament_index/resource_index/packages
copying package.xml -> /home/johannes/TRIDENT-2021/trident_software/install/athena_guidance_system/share/athena_guidance_system
