running develop
running egg_info
creating athena_teleop.egg-info
writing athena_teleop.egg-info/PKG-INFO
writing dependency_links to athena_teleop.egg-info/dependency_links.txt
writing entry points to athena_teleop.egg-info/entry_points.txt
writing requirements to athena_teleop.egg-info/requires.txt
writing top-level names to athena_teleop.egg-info/top_level.txt
writing manifest file 'athena_teleop.egg-info/SOURCES.txt'
reading manifest file 'athena_teleop.egg-info/SOURCES.txt'
writing manifest file 'athena_teleop.egg-info/SOURCES.txt'
running build_ext
Creating /home/johannes/TRIDENT-2021/trident_software/install/athena_teleop/lib/python3.8/site-packages/site.py
Creating /home/johannes/TRIDENT-2021/trident_software/install/athena_teleop/lib/python3.8/site-packages/athena-teleop.egg-link (link to .)

Installed /home/johannes/TRIDENT-2021/trident_software/build/athena_teleop
running install_data
creating /home/johannes/TRIDENT-2021/trident_software/install/athena_teleop/share/ament_index
creating /home/johannes/TRIDENT-2021/trident_software/install/athena_teleop/share/ament_index/resource_index
creating /home/johannes/TRIDENT-2021/trident_software/install/athena_teleop/share/ament_index/resource_index/packages
copying resource/athena_teleop -> /home/johannes/TRIDENT-2021/trident_software/install/athena_teleop/share/ament_index/resource_index/packages
copying package.xml -> /home/johannes/TRIDENT-2021/trident_software/install/athena_teleop/share/athena_teleop
