running develop
running egg_info
creating naiad_mission_control.egg-info
writing naiad_mission_control.egg-info/PKG-INFO
writing dependency_links to naiad_mission_control.egg-info/dependency_links.txt
writing entry points to naiad_mission_control.egg-info/entry_points.txt
writing requirements to naiad_mission_control.egg-info/requires.txt
writing top-level names to naiad_mission_control.egg-info/top_level.txt
writing manifest file 'naiad_mission_control.egg-info/SOURCES.txt'
reading manifest file 'naiad_mission_control.egg-info/SOURCES.txt'
writing manifest file 'naiad_mission_control.egg-info/SOURCES.txt'
running build_ext
Creating /home/johannes/TRIDENT-2021/trident_software/install/naiad_mission_control/lib/python3.8/site-packages/site.py
Creating /home/johannes/TRIDENT-2021/trident_software/install/naiad_mission_control/lib/python3.8/site-packages/naiad-mission-control.egg-link (link to .)
Installing mission_control script to /home/johannes/TRIDENT-2021/trident_software/install/naiad_mission_control/lib/naiad_mission_control

Installed /home/johannes/TRIDENT-2021/trident_software/build/naiad_mission_control
running install_data
creating /home/johannes/TRIDENT-2021/trident_software/install/naiad_mission_control/share/ament_index
creating /home/johannes/TRIDENT-2021/trident_software/install/naiad_mission_control/share/ament_index/resource_index
creating /home/johannes/TRIDENT-2021/trident_software/install/naiad_mission_control/share/ament_index/resource_index/packages
copying resource/naiad_mission_control -> /home/johannes/TRIDENT-2021/trident_software/install/naiad_mission_control/share/ament_index/resource_index/packages
copying package.xml -> /home/johannes/TRIDENT-2021/trident_software/install/naiad_mission_control/share/naiad_mission_control
